#
# A fatal error has been detected by the Java Runtime Environment:
#
#  Internal Error (jvmciRuntime.cpp:1609), pid=38, tid=52
#  fatal error: Fatal exception in JVMCI: Error calling jdk.vm.ci.services.Services.serializeSavedProperties
#
# JRE version: OpenJDK Runtime Environment GraalVM CE 22.3.0 (17.0.5+8) (build 17.0.5+8-jvmci-22.3-b08)
# Java VM: OpenJDK 64-Bit Server VM GraalVM CE 22.3.0 (17.0.5+8-jvmci-22.3-b08, mixed mode, sharing, tiered, jvmci, jvmci compiler, compressed oops, compressed class ptrs, parallel gc, linux-amd64)
# Problematic frame:
# V  [libjvm.so+0x972714]  JVMCIRuntime::fatal_exception(JVMCIEnv*, char const*)+0x74
#
# Core dump will be written. Default location: Core dumps may be processed with "/usr/share/apport/apport -p%p -s%s -c%c -d%d -P%P -u%u -g%g -- %E" (or dumping to /home/runner/709-week1/core.38)
#
# If you would like to submit a bug report, please visit:
#   https://github.com/oracle/graal/issues
#

---------------  S U M M A R Y ------------

Command Line: -XX:ThreadPriorityPolicy=1 -XX:+UnlockExperimentalVMOptions -XX:+EnableJVMCIProduct -XX:JVMCIThreadsPerNativeLibraryRuntime=1 -XX:-UnlockExperimentalVMOptions -Declipse.application=org.eclipse.jdt.ls.core.id1 -Dosgi.bundles.defaultStartLevel=4 -Declipse.product=org.eclipse.jdt.ls.core.product -Dlog.level=ALL -Xverify:none -XX:+UseParallelGC -XX:GCTimeRatio=4 -XX:AdaptiveSizePolicyWeight=90 -Dsun.zip.disableMemoryMapping=true -Xmx512m -Xms100m /nix/store/a7s9klvriqi68xz3qjc0qyfl5h86xc16-jdt-language-server-1.9.0/share/java/plugins/org.eclipse.equinox.launcher_1.6.400.v20210924-0641.jar --add-modules=ALL-SYSTEM --add-opens java.base/java.util=ALL-UNNAMED --add-opens java.base/java.lang=ALL-UNNAMED -configuration /home/runner/.cache/jdt-language-server/config -data /home/runner/.cache/jdt-language-server/data/home/runner/709-week1

Host: Intel(R) Xeon(R) CPU @ 2.20GHz, 8 cores, 1G, Ubuntu 20.04.2 LTS
Time: Sun Sep 10 15:02:45 2023 UTC elapsed time: 1989.419399 seconds (0d 0h 33m 9s)

---------------  T H R E A D  ---------------

Current thread (0x00007f4ae00b1c30):  JavaThread "JVMCI-native CompilerThread0" daemon [_thread_in_vm, id=52, stack(0x00007f4ac6ccd000,0x00007f4ac6ecd000)]


Current CompileTask:
JVMCI-native:1989499 8544       4       jdk.internal.reflect.UTF8::utf8Length (81 bytes)

Stack: [0x00007f4ac6ccd000,0x00007f4ac6ecd000],  sp=0x00007f4ac6ecb380,  free space=2040k
Native frames: (J=compiled Java code, j=interpreted, Vv=VM code, C=native code)
V  [libjvm.so+0x972714]  JVMCIRuntime::fatal_exception(JVMCIEnv*, char const*)+0x74
V  [libjvm.so+0x93e2fe]  JVMCIEnv::copy_saved_properties()+0x14e
V  [libjvm.so+0x9732a9]  JVMCIRuntime::initialize(JVMCIEnv*)+0xb19
V  [libjvm.so+0x9738a2]  JVMCIRuntime::get_HotSpotJVMCIRuntime(JVMCIEnv*)+0x12
V  [libjvm.so+0x9749f2]  JVMCIRuntime::compile_method(JVMCIEnv*, JVMCICompiler*, methodHandle const&, int)+0xd2
V  [libjvm.so+0x5b0d20]  CompileBroker::invoke_compiler_on_method(CompileTask*)+0x1470
V  [libjvm.so+0x5b12e8]  CompileBroker::compiler_thread_loop()+0x528
V  [libjvm.so+0xd82460]  JavaThread::thread_main_inner()+0xd0
V  [libjvm.so+0xd85a40]  Thread::call_run()+0xc0
V  [libjvm.so+0xbdb1e1]  thread_native_entry(Thread*)+0xe1

Register to memory mapping:

RAX=0x00007f4ae6a63000 points into unknown readable memory: 0x0000000000000058 | 58 00 00 00 00 00 00 00
RBX=0x00007f4ae7b5e398: <offset 0x0000000000ef5398> in /nix/store/gpxl5qgg8kicmcvivwmybwjlpf7wh20l-graalvm17-ce-22.3.0/lib/server/libjvm.so at 0x00007f4ae6c69000
RCX=0x00007f4ae7b161e8: <offset 0x0000000000ead1e8> in /nix/store/gpxl5qgg8kicmcvivwmybwjlpf7wh20l-graalvm17-ce-22.3.0/lib/server/libjvm.so at 0x00007f4ae6c69000
RDX=0x0000000000000649 is an unknown value
RSP=0x00007f4ac6ecb380 is pointing into the stack for thread: 0x00007f4ae00b1c30
RBP=0x00007f4ac6ecb3a0 is pointing into the stack for thread: 0x00007f4ae00b1c30
RSI=0x00007f4ae7b5ec48: <offset 0x0000000000ef5c48> in /nix/store/gpxl5qgg8kicmcvivwmybwjlpf7wh20l-graalvm17-ce-22.3.0/lib/server/libjvm.so at 0x00007f4ae6c69000
RDI=0x00000000e0000000 is an oop: [B 
{0x00000000e0000000} - klass: {type array byte}
 - length: 17
R8 =0x00007f4ae7b5e398: <offset 0x0000000000ef5398> in /nix/store/gpxl5qgg8kicmcvivwmybwjlpf7wh20l-graalvm17-ce-22.3.0/lib/server/libjvm.so at 0x00007f4ae6c69000
R9 =0x0000000000000003 is an unknown value
R10=0x00007f4ae7eafda0: <offset 0x0000000001246da0> in /nix/store/gpxl5qgg8kicmcvivwmybwjlpf7wh20l-graalvm17-ce-22.3.0/lib/server/libjvm.so at 0x00007f4ae6c69000
R11=0x000000080044f048 is pointing into metadata
R12=0x0 is NULL
R13=0x00007f4ae00b1c30 is a thread
R14=0x00007f4ae0000b80 points into unknown readable memory: 0x00007f4ae7d8fa38 | 38 fa d8 e7 4a 7f 00 00
R15=0x00007f4ae7e9de40: <offset 0x0000000001234e40> in /nix/store/gpxl5qgg8kicmcvivwmybwjlpf7wh20l-graalvm17-ce-22.3.0/lib/server/libjvm.so at 0x00007f4ae6c69000


Registers:
RAX=0x00007f4ae6a63000, RBX=0x00007f4ae7b5e398, RCX=0x00007f4ae7b161e8, RDX=0x0000000000000649
RSP=0x00007f4ac6ecb380, RBP=0x00007f4ac6ecb3a0, RSI=0x00007f4ae7b5ec48, RDI=0x00000000e0000000
R8 =0x00007f4ae7b5e398, R9 =0x0000000000000003, R10=0x00007f4ae7eafda0, R11=0x000000080044f048
R12=0x0000000000000000, R13=0x00007f4ae00b1c30, R14=0x00007f4ae0000b80, R15=0x00007f4ae7e9de40
RIP=0x00007f4ae75db714, EFLAGS=0x0000000000010206, CSGSFS=0x002b000000000033, ERR=0x0000000000000006
  TRAPNO=0x000000000000000e

Top of Stack: (sp=0x00007f4ac6ecb380)
0x00007f4ac6ecb380:   00007f4ac6ecb940 00007f4ae00b1c30
0x00007f4ac6ecb390:   00007f4ae53f48c8 0000000800c417a0
0x00007f4ac6ecb3a0:   00007f4ac6ecb500 00007f4ae75a72fe
0x00007f4ac6ecb3b0:   00007f4ac6ecb3e0 00007f4ac6ecb440 

Instructions: (pc=0x00007f4ae75db714)
0x00007f4ae75db614:   30 e8 f6 cf e8 ff 4c 89 e7 e8 2e 48 d1 ff 84 db
0x00007f4ae75db624:   75 2a 4d 85 ed 74 04 4d 8b 6d 00 48 83 c4 08 44
0x00007f4ae75db634:   89 f9 4c 89 f2 4c 89 ee 5b 4c 89 e7 41 5c 41 5d
0x00007f4ae75db644:   41 5e 41 5f 5d e9 e2 47 d1 ff 66 90 48 83 c4 08
0x00007f4ae75db654:   5b 41 5c 41 5d 41 5e 41 5f 5d c3 90 31 d2 be 08
0x00007f4ae75db664:   00 00 00 4c 89 ff e8 b1 78 a3 ff 49 89 c5 e9 37
0x00007f4ae75db674:   ff ff ff 66 0f 1f 84 00 00 00 00 00 48 8b 7a 08
0x00007f4ae75db684:   e9 6d ff ff ff 0f 1f 80 00 00 00 00 e8 5b 48 0a
0x00007f4ae75db694:   00 84 c0 75 89 e9 6a ff ff ff 66 90 55 48 89 e5
0x00007f4ae75db6a4:   41 56 41 55 41 54 49 89 fc 53 48 89 f3 66 48 8d
0x00007f4ae75db6b4:   3d 27 5e 85 00 66 66 48 e8 df 43 8d ff 4c 8b 28
0x00007f4ae75db6c4:   8b 05 be 72 8a 00 85 c0 75 14 ba 01 00 00 00 48
0x00007f4ae75db6d4:   8d 0d ae 72 8a 00 f0 0f b1 11 85 c0 74 4e be c8
0x00007f4ae75db6e4:   00 00 00 4c 89 ef e8 01 0b 41 00 48 8d 05 12 ac
0x00007f4ae75db6f4:   85 00 49 89 d8 48 8d 0d e8 aa 53 00 ba 49 06 00
0x00007f4ae75db704:   00 48 8d 35 3c 35 58 00 bf 00 00 00 e0 48 8b 00
0x00007f4ae75db714:   c6 00 58 31 c0 e8 e2 91 c6 ff 5b 41 5c 41 5d 41
0x00007f4ae75db724:   5e 5d e9 55 34 26 00 0f 1f 44 00 00 48 8d 05 81
0x00007f4ae75db734:   a3 8b 00 48 89 df 4c 8b 30 e8 9e 43 8d ff 48 89
0x00007f4ae75db744:   de 48 89 c2 49 8b 06 4c 89 f7 ff 50 08 4c 89 f7
0x00007f4ae75db754:   e8 a7 5c 27 00 4d 85 e4 74 12 be 01 00 00 00 4c
0x00007f4ae75db764:   89 e7 e8 35 43 fc ff eb 82 0f 1f 00 be 01 00 00
0x00007f4ae75db774:   00 4c 89 ef e8 d3 fd ff ff e9 6d ff ff ff 66 66
0x00007f4ae75db784:   2e 0f 1f 84 00 00 00 00 00 0f 1f 00 55 48 89 e5
0x00007f4ae75db794:   41 57 41 56 41 55 41 54 53 48 81 ec 08 02 00 00
0x00007f4ae75db7a4:   64 48 8b 04 25 28 00 00 00 48 89 45 c8 8b 07 83
0x00007f4ae75db7b4:   f8 02 0f 84 11 04 00 00 4c 8b 6f 18 49 89 ff 49
0x00007f4ae75db7c4:   89 f4 4d 85 ed 74 14 4c 89 ef e8 5d 57 22 00 41
0x00007f4ae75db7d4:   8b 07 83 f8 02 0f 84 19 04 00 00 48 8d 1d 9a 06
0x00007f4ae75db7e4:   8a 00 4c 8d 35 0b 3c 58 00 eb 38 90 48 85 d2 7f
0x00007f4ae75db7f4:   0d 48 8d 05 b4 c0 85 00 48 83 38 00 7e 0e 41 8b
0x00007f4ae75db804:   77 2c 4c 89 f7 31 c0 e8 a0 b2 f7 ff 49 8b 7f 18 


Stack slot to memory mapping:
stack at sp + 0 slots: 0x00007f4ac6ecb940 is pointing into the stack for thread: 0x00007f4ae00b1c30
stack at sp + 1 slots: 0x00007f4ae00b1c30 is a thread
stack at sp + 2 slots: 0x00007f4ae53f48c8 points into unknown readable memory: 0x6573001880c9ffff | ff ff c9 80 18 00 73 65
stack at sp + 3 slots: 0x0000000800c417a0 is a pointer to class: 
jdk.vm.ci.services.Services {0x0000000800c417a0}
 - instance size:     2
 - klass size:        65
 - access:            public final synchronized 
 - state:             fully_initialized
 - name:              'jdk/vm/ci/services/Services'
 - super:             'java/lang/Object'
 - sub:               
 - arrays:            NULL
 - methods:           Array<T>(0x00007f4ae44425c0)
 - method ordering:   Array<T>(0x0000000800928960)
 - default_methods:   Array<T>(0x0000000000000000)
 - local interfaces:  Array<T>(0x00000008005ce810)
 - trans. interfaces: Array<T>(0x00000008005ce810)
 - constants:         constant pool [427] {0x00007f4ae44416a0} for 'jdk/vm/ci/services/Services' cache=0x00007f4ae4443890
 - class loader data:  loader data: 0x00007f4ae0027cc0 of 'bootstrap'
 - source file:       'Services.java'
 - class annotations:       Array<T>(0x0000000000000000)
 - class type annotations:  Array<T>(0x0000000000000000)
 - field annotations:       Array<T>(0x0000000000000000)
 - field type annotations:  Array<T>(0x0000000000000000)
 - inner classes:     Array<T>(0x00007f4ae4443860)
 - nest members:     Array<T>(0x00007f4ae4443880)
 - permitted subclasses:     Array<T>(0x00000008005ce7a0)
 - java mirror:       a 'java/lang/Class'{0x00000000e0177c88} = 'jdk/vm/ci/services/Services'
 - vtable length      5  (start addr: 0x0000000800c41970)
 - itable length      2 (start addr: 0x0000000800c41998)
 - ---- static fields (3 words):
 - public static final 'IS_BUILDING_NATIVE_IMAGE' 'Z' @128 
 - public static final 'IS_IN_NATIVE_IMAGE' 'Z' @129 
 - private static volatile 'savedProperties' 'Ljava/util/Map;' @112 
 - static final 'JVMCI_ENABLED' 'Z' @130 
 - private static final 'servicesCache' 'Ljava/util/Map;' @116 
 - private static final 'MAX_UNICODE_IN_UTF8_LENGTH' 'I' @120 
 - private static final 'MAX_UTF8_PROPERTY_STRING_LENGTH' 'I' @124 
 - ---- non-static fields (0 words):
 - non-static oop maps: 
stack at sp + 4 slots: 0x00007f4ac6ecb500 is pointing into the stack for thread: 0x00007f4ae00b1c30
stack at sp + 5 slots: 0x00007f4ae75a72fe: <offset 0x000000000093e2fe> in /nix/store/gpxl5qgg8kicmcvivwmybwjlpf7wh20l-graalvm17-ce-22.3.0/lib/server/libjvm.so at 0x00007f4ae6c69000
stack at sp + 6 slots: 0x00007f4ac6ecb3e0 is pointing into the stack for thread: 0x00007f4ae00b1c30
stack at sp + 7 slots: 0x00007f4ac6ecb440 is pointing into the stack for thread: 0x00007f4ae00b1c30


---------------  P R O C E S S  ---------------

Threads class SMR info:
_java_thread_list=0x00007f4a20000b70, length=25, elements={
0x00007f4ae0025f60, 0x00007f4ae00a5f00, 0x00007f4ae00a7340, 0x00007f4ae00adaa0,
0x00007f4ae00aee50, 0x00007f4ae00b0240, 0x00007f4ae00b1c30, 0x00007f4ae00b3140,
0x00007f4ae00b41a0, 0x00007f4ae00d72b0, 0x00007f4ae011f810, 0x00007f4ae0323440,
0x00007f4ae0376f80, 0x00007f4ae03792f0, 0x00007f4ae033d920, 0x00007f4a7c01a6e0,
0x00007f4a7c2cab40, 0x00007f4a600010d0, 0x00007f4a7c4a9720, 0x00007f4a7c503c30,
0x00007f4ae0303bc0, 0x00007f4ae0398650, 0x00007f4a50001130, 0x00007f4a681587a0,
0x00007f4a48000ff0
}

Java Threads: ( => current thread )
  0x00007f4ae0025f60 JavaThread "main" [_thread_blocked, id=44, stack(0x00007f4ae6a84000,0x00007f4ae6b84000)]
  0x00007f4ae00a5f00 JavaThread "Reference Handler" daemon [_thread_blocked, id=47, stack(0x00007f4ae41fe000,0x00007f4ae42fe000)]
  0x00007f4ae00a7340 JavaThread "Finalizer" daemon [_thread_blocked, id=48, stack(0x00007f4ae40fe000,0x00007f4ae41fe000)]
  0x00007f4ae00adaa0 JavaThread "Signal Dispatcher" daemon [_thread_blocked, id=49, stack(0x00007f4ac70cd000,0x00007f4ac71cd000)]
  0x00007f4ae00aee50 JavaThread "Service Thread" daemon [_thread_blocked, id=50, stack(0x00007f4ac6fcd000,0x00007f4ac70cd000)]
  0x00007f4ae00b0240 JavaThread "Monitor Deflation Thread" daemon [_thread_blocked, id=51, stack(0x00007f4ac6ecd000,0x00007f4ac6fcd000)]
=>0x00007f4ae00b1c30 JavaThread "JVMCI-native CompilerThread0" daemon [_thread_in_vm, id=52, stack(0x00007f4ac6ccd000,0x00007f4ac6ecd000)]
  0x00007f4ae00b3140 JavaThread "C1 CompilerThread0" daemon [_thread_blocked, id=53, stack(0x00007f4ac6acd000,0x00007f4ac6ccd000)]
  0x00007f4ae00b41a0 JavaThread "Sweeper thread" daemon [_thread_blocked, id=54, stack(0x00007f4ac69cd000,0x00007f4ac6acd000)]
  0x00007f4ae00d72b0 JavaThread "Common-Cleaner" daemon [_thread_blocked, id=57, stack(0x00007f4ac68cd000,0x00007f4ac69cd000)]
  0x00007f4ae011f810 JavaThread "Notification Thread" daemon [_thread_blocked, id=59, stack(0x00007f4ac67cd000,0x00007f4ac68cd000)]
  0x00007f4ae0323440 JavaThread "Active Thread: Equinox Container: bf3b232a-c69b-4730-ac39-5a06e9d73ab7" [_thread_blocked, id=63, stack(0x00007f4ac65cb000,0x00007f4ac66cb000)]
  0x00007f4ae0376f80 JavaThread "Framework Event Dispatcher: Equinox Container: bf3b232a-c69b-4730-ac39-5a06e9d73ab7" daemon [_thread_blocked, id=64, stack(0x00007f4ac4100000,0x00007f4ac4200000)]
  0x00007f4ae03792f0 JavaThread "Start Level: Equinox Container: bf3b232a-c69b-4730-ac39-5a06e9d73ab7" daemon [_thread_blocked, id=65, stack(0x00007f4a8ed00000,0x00007f4a8ee00000)]
  0x00007f4ae033d920 JavaThread "Refresh Thread: Equinox Container: bf3b232a-c69b-4730-ac39-5a06e9d73ab7" daemon [_thread_blocked, id=72, stack(0x00007f4a8eb00000,0x00007f4a8ec00000)]
  0x00007f4a7c01a6e0 JavaThread "SCR Component Actor" daemon [_thread_blocked, id=73, stack(0x00007f4a8e900000,0x00007f4a8ea00000)]
  0x00007f4a7c2cab40 JavaThread "Worker-JM" [_thread_blocked, id=75, stack(0x00007f4a8e500000,0x00007f4a8e600000)]
  0x00007f4a600010d0 JavaThread "Worker-1" [_thread_blocked, id=77, stack(0x00007f4a8e100000,0x00007f4a8e200000)]
  0x00007f4a7c4a9720 JavaThread "Java indexing" daemon [_thread_blocked, id=78, stack(0x00007f4a8df00000,0x00007f4a8e000000)]
  0x00007f4a7c503c30 JavaThread "Bundle File Closer" daemon [_thread_blocked, id=79, stack(0x00007f4a8dd00000,0x00007f4a8de00000)]
  0x00007f4ae0303bc0 JavaThread "pool-3-thread-1" [_thread_blocked, id=81, stack(0x00007f4a8d900000,0x00007f4a8da00000)]
  0x00007f4ae0398650 JavaThread "pool-2-thread-1" [_thread_blocked, id=82, stack(0x00007f4a8e700000,0x00007f4a8e800000)]
  0x00007f4a50001130 JavaThread "Worker-3: Compacting resource model" [_thread_blocked, id=83, stack(0x00007f4a8d700000,0x00007f4a8d800000)]
  0x00007f4a681587a0 JavaThread "Thread-4" [_thread_blocked, id=290, stack(0x00007f4a8d500000,0x00007f4a8d600000)]
  0x00007f4a48000ff0 JavaThread "Worker-5: Periodic workspace save." [_thread_blocked, id=291, stack(0x00007f4a8db00000,0x00007f4a8dc00000)]

Other Threads:
  0x00007f4ae00a1640 VMThread "VM Thread" [stack: 0x00007f4ae4300000,0x00007f4ae4400000] [id=46] _threads_hazard_ptr=0x00007f4a20000b70
  0x00007f4ae01211b0 WatcherThread [stack: 0x00007f4ac66cd000,0x00007f4ac67cd000] [id=60]
  0x00007f4ae003d860 GCTaskThread "GC Thread#0" [stack: 0x00007f4ae6647000,0x00007f4ae6747000] [id=45]

Threads with active compile tasks:
JVMCI-native CompilerThread0  1989611 8544       4       jdk.internal.reflect.UTF8::utf8Length (81 bytes)

VM state: synchronizing (normal execution)

VM Mutex/Monitor currently owned by a thread:  ([mutex/lock_event])
[0x00007f4ae0023110] Threads_lock - owner thread: 0x00007f4ae00a1640
[0x00007f4ae00238c0] Heap_lock - owner thread: 0x00007f4a48000ff0

OutOfMemory and StackOverflow Exception counts:
OutOfMemoryError java_heap_errors=1
LinkageErrors=66

Heap address: 0x00000000e0000000, size: 512 MB, Compressed Oops mode: 32-bit

CDS archive(s) mapped at: [0x0000000800000000-0x0000000800bc8000-0x0000000800bc8000), size 12353536, SharedBaseAddress: 0x0000000800000000, ArchiveRelocationMode: 0.
Compressed class space mapped at: 0x0000000800c00000-0x0000000840c00000, reserved size: 1073741824
Narrow klass base: 0x0000000800000000, Narrow klass shift: 0, Narrow klass range: 0x100000000

GC Precious Log:
 CPUs: 8 total, 1 available
 Memory: 1024M
 Large Page Support: Disabled
 NUMA Support: Disabled
 Compressed Oops: Enabled (32-bit)
 Alignments: Space 512K, Generation 512K, Heap 2M
 Heap Min Capacity: 100M
 Heap Initial Capacity: 100M
 Heap Max Capacity: 512M
 Pre-touch: Disabled
 Parallel Workers: 1

Heap:
 PSYoungGen      total 36864K, used 27308K [0x00000000f5580000, 0x00000000f9d80000, 0x0000000100000000)
  eden space 17920K, 100% used [0x00000000f5580000,0x00000000f6700000,0x00000000f6700000)
  from space 18944K, 49% used [0x00000000f8200000,0x00000000f8b2b2b8,0x00000000f9480000)
  to   space 27648K, 0% used [0x00000000f6700000,0x00000000f6700000,0x00000000f8200000)
 ParOldGen       total 349696K, used 349694K [0x00000000e0000000, 0x00000000f5580000, 0x00000000f5580000)
  object space 349696K, 99% used [0x00000000e0000000,0x00000000f557fa08,0x00000000f5580000)
 Metaspace       used 59085K, committed 60096K, reserved 1105920K
  class space    used 5886K, committed 6272K, reserved 1048576K

Card table byte_map: [0x00007f4ae6747000,0x00007f4ae6848000] _byte_map_base: 0x00007f4ae6047000

Marking Bits: (ParMarkBitMap*) 0x00007f4ae7e974c0
 Begin Bits: [0x00007f4ae559a000, 0x00007f4ae5d9a000)
 End Bits:   [0x00007f4ae5d9a000, 0x00007f4ae659a000)

Polling page: 0x00007f4ae6a61000

Metaspace:

Usage:
  Non-class:     51.95 MB used.
      Class:      5.75 MB used.
       Both:     57.70 MB used.

Virtual space:
  Non-class space:       56.00 MB reserved,      52.56 MB ( 94%) committed,  7 nodes.
      Class space:        1.00 GB reserved,       6.12 MB ( <1%) committed,  1 nodes.
             Both:        1.05 GB reserved,      58.69 MB (  5%) committed. 

Chunk freelists:
   Non-Class:  2.81 MB
       Class:  1.94 MB
        Both:  4.76 MB

MaxMetaspaceSize: unlimited
CompressedClassSpaceSize: 1.00 GB
Initial GC threshold: 21.00 MB
Current GC threshold: 97.81 MB
CDS: on
MetaspaceReclaimPolicy: balanced
 - commit_granule_bytes: 65536.
 - commit_granule_words: 8192.
 - virtual_space_node_default_size: 1048576.
 - enlarge_chunks_in_place: 1.
 - new_chunks_are_fully_committed: 0.
 - uncommit_free_chunks: 1.
 - use_allocation_guard: 0.
 - handle_deallocations: 1.


Internal statistics:

num_allocs_failed_limit: 6.
num_arena_births: 520.
num_arena_deaths: 152.
num_vsnodes_births: 8.
num_vsnodes_deaths: 0.
num_space_committed: 938.
num_space_uncommitted: 0.
num_chunks_returned_to_freelist: 218.
num_chunks_taken_from_freelist: 2876.
num_chunk_merges: 85.
num_chunk_splits: 1830.
num_chunks_enlarged: 1124.
num_purges: 26.
num_inconsistent_stats: 0.

CodeHeap 'non-profiled nmethods': size=120036Kb used=2538Kb max_used=2794Kb free=117497Kb
 bounds [0x00007f4acef7a000, 0x00007f4acf23a000, 0x00007f4ad64b3000]
CodeHeap 'profiled nmethods': size=120032Kb used=12267Kb max_used=14675Kb free=107764Kb
 bounds [0x00007f4ac7a42000, 0x00007f4ac88a2000, 0x00007f4acef7a000]
CodeHeap 'non-nmethods': size=5692Kb used=1395Kb max_used=1407Kb free=4296Kb
 bounds [0x00007f4ac74b3000, 0x00007f4ac7723000, 0x00007f4ac7a42000]
 total_blobs=7169 nmethods=6436 adapters=628
 compilation: enabled
              stopped_count=0, restarted_count=0
 full_count=0

JVMCI Events (20 events):
Event: 1912.007 Thread 0x00007f4ae00b1c30 destroyed JavaVM[9]@0x00007f4a8c99e340 for JVMCI runtime 0
Event: 1912.007 Thread 0x00007f4ae00b1c30 compacted oop handles in JVMCI runtime 0 from 76 to 76
Event: 1912.007 Thread 0x00007f4ae00b1c30 releasing handles for JVMCI runtime 0: oop handles=76, metadata handles={total=134, live=134, blocks=41}
Event: 1912.007 Thread 0x00007f4ae00b1c30 detached from JVMCI runtime 0
Event: 1934.648 Thread 0x00007f4ae00b1c30 attached to JVMCI runtime 0
Event: 1934.651 Thread 0x00007f4ae00b1c30 created JavaVM[10]@0x00007f4a8c99e340 for JVMCI runtime 0
Event: 1938.302 Thread 0x00007f4ae00b1c30 initializing JVMCI runtime 0
Event: 1938.302 Thread 0x00007f4ae00b1c30 done waiting for JavaVM references initialization in JVMCI runtime 0
Event: 1948.852 Thread 0x00007f4ae00b1c30 initialized JVMCI runtime 0
Event: 1957.448 Thread 0x00007f4ae00b1c30 detaching from JVMCI runtime 0: releasing idle compiler thread (0 other threads still attached)
Event: 1957.448 Thread 0x00007f4ae00b1c30 shutting down HotSpotJVMCIRuntime for JVMCI runtime 0
Event: 1957.448 Thread 0x00007f4ae00b1c30 shut down JVMCI runtime 0
Event: 1957.450 Thread 0x00007f4ae00b1c30 destroyed JavaVM[10]@0x00007f4a8c99e340 for JVMCI runtime 0
Event: 1957.450 Thread 0x00007f4ae00b1c30 compacted oop handles in JVMCI runtime 0 from 45 to 45
Event: 1957.450 Thread 0x00007f4ae00b1c30 releasing handles for JVMCI runtime 0: oop handles=45, metadata handles={total=96, live=81, blocks=41}
Event: 1957.450 Thread 0x00007f4ae00b1c30 detached from JVMCI runtime 0
Event: 1968.236 Thread 0x00007f4ae00b1c30 attached to JVMCI runtime 0
Event: 1968.239 Thread 0x00007f4ae00b1c30 created JavaVM[11]@0x00007f4a8c99e340 for JVMCI runtime 0
Event: 1970.061 Thread 0x00007f4ae00b1c30 initializing JVMCI runtime 0
Event: 1970.061 Thread 0x00007f4ae00b1c30 done waiting for JavaVM references initialization in JVMCI runtime 0

Compilation events (20 events):
Event: 1713.679 Thread 0x00007f4ae00b3140 8535       3       java.lang.ClassValue$Entry::isPromise (14 bytes)
Event: 1715.752 Thread 0x00007f4ae00b3140 nmethod 8535 0x00007f4ac7ba3f10 code [0x00007f4ac7ba40a0, 0x00007f4ac7ba4210]
Event: 1717.723 Thread 0x00007f4ae00b3140 8536       3       jdk.internal.reflect.ClassFileAssembler::opc_new (16 bytes)
Event: 1717.723 Thread 0x00007f4ae00b3140 nmethod 8536 0x00007f4ac7b2d210 code [0x00007f4ac7b2d420, 0x00007f4ac7b2d980]
Event: 1717.723 Thread 0x00007f4ae00b3140 8537       3       jdk.internal.reflect.ClassFileAssembler::getMaxLocals (6 bytes)
Event: 1717.724 Thread 0x00007f4ae00b3140 nmethod 8537 0x00007f4ac7c14590 code [0x00007f4ac7c14720, 0x00007f4ac7c14830]
Event: 1754.948 Thread 0x00007f4ae00b1c30 nmethod 8533 0x00007f4acf171e90 code [0x00007f4acf172020, 0x00007f4acf1720d0]
Event: 1754.948 Thread 0x00007f4ae00b1c30 8534       4       java.lang.invoke.LambdaForm$MH/0x0000000800c00400::invoke (8 bytes)
Event: 1761.806 Thread 0x00007f4ae00b1c30 nmethod 8534 0x00007f4acf136890 code [0x00007f4acf136a00, 0x00007f4acf136ab0]
Event: 1857.604 Thread 0x00007f4ae00b3140 8538       1       org.eclipse.osgi.internal.location.BasicLocation::isReadOnly (5 bytes)
Event: 1859.445 Thread 0x00007f4ae00b3140 nmethod 8538 0x00007f4acf136490 code [0x00007f4acf136620, 0x00007f4acf1366f0]
Event: 1867.126 Thread 0x00007f4ae00b1c30 8539       4       java.util.Spliterator::getExactSizeIfKnown (25 bytes)
Event: 1898.224 Thread 0x00007f4ae00b1c30 nmethod 8539 0x00007f4acf112310 code [0x00007f4acf112580, 0x00007f4acf112950]
Event: 1898.224 Thread 0x00007f4ae00b1c30 8540       4       java.util.Collections$UnmodifiableMap$UnmodifiableEntrySet$1::next (5 bytes)
Event: 1906.158 Thread 0x00007f4ae00b1c30 nmethod 8540 0x00007f4acf06b090 code [0x00007f4acf06b260, 0x00007f4acf06b590]
Event: 1934.648 Thread 0x00007f4ae00b1c30 8541       4       jdk.internal.reflect.ClassFileAssembler::emitShort (24 bytes)
Event: 1955.711 Thread 0x00007f4ae00b1c30 nmethod 8541 0x00007f4acf11d790 code [0x00007f4acf11d940, 0x00007f4acf11dc40]
Event: 1968.236 Thread 0x00007f4ae00b1c30 8544       4       jdk.internal.reflect.UTF8::utf8Length (81 bytes)
Event: 1978.449 Thread 0x00007f4ae00b3140 8545       3       java.util.concurrent.ScheduledThreadPoolExecutor$ScheduledFutureTask::getDelay (16 bytes)
Event: 1980.110 Thread 0x00007f4ae00b3140 nmethod 8545 0x00007f4ac7bc5010 code [0x00007f4ac7bc51c0, 0x00007f4ac7bc5340]

GC Heap History (20 events):
Event: 1971.626 GC heap before
{Heap before GC invocations=972 (full 850):
 PSYoungGen      total 36864K, used 27368K [0x00000000f5580000, 0x00000000f9d80000, 0x0000000100000000)
  eden space 17920K, 99% used [0x00000000f5580000,0x00000000f66fffb0,0x00000000f6700000)
  from space 18944K, 49% used [0x00000000f8200000,0x00000000f8b3a268,0x00000000f9480000)
  to   space 27648K, 0% used [0x00000000f6700000,0x00000000f6700000,0x00000000f8200000)
 ParOldGen       total 349696K, used 349535K [0x00000000e0000000, 0x00000000f5580000, 0x00000000f5580000)
  object space 349696K, 99% used [0x00000000e0000000,0x00000000f5557d48,0x00000000f5580000)
 Metaspace       used 59088K, committed 60096K, reserved 1105920K
  class space    used 5887K, committed 6272K, reserved 1048576K
}
Event: 1973.350 GC heap after
{Heap after GC invocations=972 (full 850):
 PSYoungGen      total 36864K, used 27367K [0x00000000f5580000, 0x00000000f9d80000, 0x0000000100000000)
  eden space 17920K, 99% used [0x00000000f5580000,0x00000000f66ffc00,0x00000000f6700000)
  from space 18944K, 49% used [0x00000000f8200000,0x00000000f8b3a268,0x00000000f9480000)
  to   space 27648K, 0% used [0x00000000f6700000,0x00000000f6700000,0x00000000f8200000)
 ParOldGen       total 349696K, used 349508K [0x00000000e0000000, 0x00000000f5580000, 0x00000000f5580000)
  object space 349696K, 99% used [0x00000000e0000000,0x00000000f55512d8,0x00000000f5580000)
 Metaspace       used 59085K, committed 60096K, reserved 1105920K
  class space    used 5886K, committed 6272K, reserved 1048576K
}
Event: 1973.354 GC heap before
{Heap before GC invocations=973 (full 851):
 PSYoungGen      total 36864K, used 27368K [0x00000000f5580000, 0x00000000f9d80000, 0x0000000100000000)
  eden space 17920K, 99% used [0x00000000f5580000,0x00000000f66ffff8,0x00000000f6700000)
  from space 18944K, 49% used [0x00000000f8200000,0x00000000f8b3a268,0x00000000f9480000)
  to   space 27648K, 0% used [0x00000000f6700000,0x00000000f6700000,0x00000000f8200000)
 ParOldGen       total 349696K, used 349691K [0x00000000e0000000, 0x00000000f5580000, 0x00000000f5580000)
  object space 349696K, 99% used [0x00000000e0000000,0x00000000f557ef80,0x00000000f5580000)
 Metaspace       used 59085K, committed 60096K, reserved 1105920K
  class space    used 5886K, committed 6272K, reserved 1048576K
}
Event: 1975.027 GC heap after
{Heap after GC invocations=973 (full 851):
 PSYoungGen      total 36864K, used 27307K [0x00000000f5580000, 0x00000000f9d80000, 0x0000000100000000)
  eden space 17920K, 99% used [0x00000000f5580000,0x00000000f66ffbf8,0x00000000f6700000)
  from space 18944K, 49% used [0x00000000f8200000,0x00000000f8b2b320,0x00000000f9480000)
  to   space 27648K, 0% used [0x00000000f6700000,0x00000000f6700000,0x00000000f8200000)
 ParOldGen       total 349696K, used 349691K [0x00000000e0000000, 0x00000000f5580000, 0x00000000f5580000)
  object space 349696K, 99% used [0x00000000e0000000,0x00000000f557ef08,0x00000000f5580000)
 Metaspace       used 59085K, committed 60096K, reserved 1105920K
  class space    used 5886K, committed 6272K, reserved 1048576K
}
Event: 1975.031 GC heap before
{Heap before GC invocations=974 (full 852):
 PSYoungGen      total 36864K, used 27308K [0x00000000f5580000, 0x00000000f9d80000, 0x0000000100000000)
  eden space 17920K, 99% used [0x00000000f5580000,0x00000000f66ffe88,0x00000000f6700000)
  from space 18944K, 49% used [0x00000000f8200000,0x00000000f8b2b320,0x00000000f9480000)
  to   space 27648K, 0% used [0x00000000f6700000,0x00000000f6700000,0x00000000f8200000)
 ParOldGen       total 349696K, used 349691K [0x00000000e0000000, 0x00000000f5580000, 0x00000000f5580000)
  object space 349696K, 99% used [0x00000000e0000000,0x00000000f557ef08,0x00000000f5580000)
 Metaspace       used 59085K, committed 60096K, reserved 1105920K
  class space    used 5886K, committed 6272K, reserved 1048576K
}
Event: 1976.807 GC heap after
{Heap after GC invocations=974 (full 852):
 PSYoungGen      total 36864K, used 27308K [0x00000000f5580000, 0x00000000f9d80000, 0x0000000100000000)
  eden space 17920K, 99% used [0x00000000f5580000,0x00000000f66ffd38,0x00000000f6700000)
  from space 18944K, 49% used [0x00000000f8200000,0x00000000f8b2b320,0x00000000f9480000)
  to   space 27648K, 0% used [0x00000000f6700000,0x00000000f6700000,0x00000000f8200000)
 ParOldGen       total 349696K, used 349691K [0x00000000e0000000, 0x00000000f5580000, 0x00000000f5580000)
  object space 349696K, 99% used [0x00000000e0000000,0x00000000f557ee90,0x00000000f5580000)
 Metaspace       used 59085K, committed 60096K, reserved 1105920K
  class space    used 5886K, committed 6272K, reserved 1048576K
}
Event: 1976.810 GC heap before
{Heap before GC invocations=975 (full 853):
 PSYoungGen      total 36864K, used 27308K [0x00000000f5580000, 0x00000000f9d80000, 0x0000000100000000)
  eden space 17920K, 99% used [0x00000000f5580000,0x00000000f66fffe8,0x00000000f6700000)
  from space 18944K, 49% used [0x00000000f8200000,0x00000000f8b2b320,0x00000000f9480000)
  to   space 27648K, 0% used [0x00000000f6700000,0x00000000f6700000,0x00000000f8200000)
 ParOldGen       total 349696K, used 349691K [0x00000000e0000000, 0x00000000f5580000, 0x00000000f5580000)
  object space 349696K, 99% used [0x00000000e0000000,0x00000000f557ee90,0x00000000f5580000)
 Metaspace       used 59085K, committed 60096K, reserved 1105920K
  class space    used 5886K, committed 6272K, reserved 1048576K
}
Event: 1978.449 GC heap after
{Heap after GC invocations=975 (full 853):
 PSYoungGen      total 36864K, used 27308K [0x00000000f5580000, 0x00000000f9d80000, 0x0000000100000000)
  eden space 17920K, 99% used [0x00000000f5580000,0x00000000f66ffda8,0x00000000f6700000)
  from space 18944K, 49% used [0x00000000f8200000,0x00000000f8b2b320,0x00000000f9480000)
  to   space 27648K, 0% used [0x00000000f6700000,0x00000000f6700000,0x00000000f8200000)
 ParOldGen       total 349696K, used 349691K [0x00000000e0000000, 0x00000000f5580000, 0x00000000f5580000)
  object space 349696K, 99% used [0x00000000e0000000,0x00000000f557ee90,0x00000000f5580000)
 Metaspace       used 59085K, committed 60096K, reserved 1105920K
  class space    used 5886K, committed 6272K, reserved 1048576K
}
Event: 1978.454 GC heap before
{Heap before GC invocations=976 (full 854):
 PSYoungGen      total 36864K, used 27308K [0x00000000f5580000, 0x00000000f9d80000, 0x0000000100000000)
  eden space 17920K, 99% used [0x00000000f5580000,0x00000000f66ffe88,0x00000000f6700000)
  from space 18944K, 49% used [0x00000000f8200000,0x00000000f8b2b320,0x00000000f9480000)
  to   space 27648K, 0% used [0x00000000f6700000,0x00000000f6700000,0x00000000f8200000)
 ParOldGen       total 349696K, used 349691K [0x00000000e0000000, 0x00000000f5580000, 0x00000000f5580000)
  object space 349696K, 99% used [0x00000000e0000000,0x00000000f557ee90,0x00000000f5580000)
 Metaspace       used 59085K, committed 60096K, reserved 1105920K
  class space    used 5886K, committed 6272K, reserved 1048576K
}
Event: 1980.110 GC heap after
{Heap after GC invocations=976 (full 854):
 PSYoungGen      total 36864K, used 27308K [0x00000000f5580000, 0x00000000f9d80000, 0x0000000100000000)
  eden space 17920K, 99% used [0x00000000f5580000,0x00000000f66ffdf8,0x00000000f6700000)
  from space 18944K, 49% used [0x00000000f8200000,0x00000000f8b2b320,0x00000000f9480000)
  to   space 27648K, 0% used [0x00000000f6700000,0x00000000f6700000,0x00000000f8200000)
 ParOldGen       total 349696K, used 349691K [0x00000000e0000000, 0x00000000f5580000, 0x00000000f5580000)
  object space 349696K, 99% used [0x00000000e0000000,0x00000000f557ee70,0x00000000f5580000)
 Metaspace       used 59085K, committed 60096K, reserved 1105920K
  class space    used 5886K, committed 6272K, reserved 1048576K
}
Event: 1980.112 GC heap before
{Heap before GC invocations=977 (full 855):
 PSYoungGen      total 36864K, used 27308K [0x00000000f5580000, 0x00000000f9d80000, 0x0000000100000000)
  eden space 17920K, 99% used [0x00000000f5580000,0x00000000f66ffff0,0x00000000f6700000)
  from space 18944K, 49% used [0x00000000f8200000,0x00000000f8b2b320,0x00000000f9480000)
  to   space 27648K, 0% used [0x00000000f6700000,0x00000000f6700000,0x00000000f8200000)
 ParOldGen       total 349696K, used 349695K [0x00000000e0000000, 0x00000000f5580000, 0x00000000f5580000)
  object space 349696K, 99% used [0x00000000e0000000,0x00000000f557fdb0,0x00000000f5580000)
 Metaspace       used 59085K, committed 60096K, reserved 1105920K
  class space    used 5886K, committed 6272K, reserved 1048576K
}
Event: 1982.009 GC heap after
{Heap after GC invocations=977 (full 855):
 PSYoungGen      total 36864K, used 27307K [0x00000000f5580000, 0x00000000f9d80000, 0x0000000100000000)
  eden space 17920K, 99% used [0x00000000f5580000,0x00000000f66ffbc0,0x00000000f6700000)
  from space 18944K, 49% used [0x00000000f8200000,0x00000000f8b2b2b8,0x00000000f9480000)
  to   space 27648K, 0% used [0x00000000f6700000,0x00000000f6700000,0x00000000f8200000)
 ParOldGen       total 349696K, used 349693K [0x00000000e0000000, 0x00000000f5580000, 0x00000000f5580000)
  object space 349696K, 99% used [0x00000000e0000000,0x00000000f557f778,0x00000000f5580000)
 Metaspace       used 59085K, committed 60096K, reserved 1105920K
  class space    used 5886K, committed 6272K, reserved 1048576K
}
Event: 1982.017 GC heap before
{Heap before GC invocations=978 (full 856):
 PSYoungGen      total 36864K, used 27308K [0x00000000f5580000, 0x00000000f9d80000, 0x0000000100000000)
  eden space 17920K, 99% used [0x00000000f5580000,0x00000000f66ffff8,0x00000000f6700000)
  from space 18944K, 49% used [0x00000000f8200000,0x00000000f8b2b2b8,0x00000000f9480000)
  to   space 27648K, 0% used [0x00000000f6700000,0x00000000f6700000,0x00000000f8200000)
 ParOldGen       total 349696K, used 349693K [0x00000000e0000000, 0x00000000f5580000, 0x00000000f5580000)
  object space 349696K, 99% used [0x00000000e0000000,0x00000000f557f778,0x00000000f5580000)
 Metaspace       used 59085K, committed 60096K, reserved 1105920K
  class space    used 5886K, committed 6272K, reserved 1048576K
}
Event: 1983.544 GC heap after
{Heap after GC invocations=978 (full 856):
 PSYoungGen      total 36864K, used 27308K [0x00000000f5580000, 0x00000000f9d80000, 0x0000000100000000)
  eden space 17920K, 99% used [0x00000000f5580000,0x00000000f66ffed8,0x00000000f6700000)
  from space 18944K, 49% used [0x00000000f8200000,0x00000000f8b2b2b8,0x00000000f9480000)
  to   space 27648K, 0% used [0x00000000f6700000,0x00000000f6700000,0x00000000f8200000)
 ParOldGen       total 349696K, used 349693K [0x00000000e0000000, 0x00000000f5580000, 0x00000000f5580000)
  object space 349696K, 99% used [0x00000000e0000000,0x00000000f557f640,0x00000000f5580000)
 Metaspace       used 59085K, committed 60096K, reserved 1105920K
  class space    used 5886K, committed 6272K, reserved 1048576K
}
Event: 1983.547 GC heap before
{Heap before GC invocations=979 (full 857):
 PSYoungGen      total 36864K, used 27308K [0x00000000f5580000, 0x00000000f9d80000, 0x0000000100000000)
  eden space 17920K, 99% used [0x00000000f5580000,0x00000000f66ffff8,0x00000000f6700000)
  from space 18944K, 49% used [0x00000000f8200000,0x00000000f8b2b2b8,0x00000000f9480000)
  to   space 27648K, 0% used [0x00000000f6700000,0x00000000f6700000,0x00000000f8200000)
 ParOldGen       total 349696K, used 349693K [0x00000000e0000000, 0x00000000f5580000, 0x00000000f5580000)
  object space 349696K, 99% used [0x00000000e0000000,0x00000000f557f640,0x00000000f5580000)
 Metaspace       used 59085K, committed 60096K, reserved 1105920K
  class space    used 5886K, committed 6272K, reserved 1048576K
}
Event: 1985.325 GC heap after
{Heap after GC invocations=979 (full 857):
 PSYoungGen      total 36864K, used 27308K [0x00000000f5580000, 0x00000000f9d80000, 0x0000000100000000)
  eden space 17920K, 99% used [0x00000000f5580000,0x00000000f66ffef8,0x00000000f6700000)
  from space 18944K, 49% used [0x00000000f8200000,0x00000000f8b2b2b8,0x00000000f9480000)
  to   space 27648K, 0% used [0x00000000f6700000,0x00000000f6700000,0x00000000f8200000)
 ParOldGen       total 349696K, used 349693K [0x00000000e0000000, 0x00000000f5580000, 0x00000000f5580000)
  object space 349696K, 99% used [0x00000000e0000000,0x00000000f557f620,0x00000000f5580000)
 Metaspace       used 59085K, committed 60096K, reserved 1105920K
  class space    used 5886K, committed 6272K, reserved 1048576K
}
Event: 1985.337 GC heap before
{Heap before GC invocations=980 (full 858):
 PSYoungGen      total 36864K, used 27308K [0x00000000f5580000, 0x00000000f9d80000, 0x0000000100000000)
  eden space 17920K, 99% used [0x00000000f5580000,0x00000000f66fff98,0x00000000f6700000)
  from space 18944K, 49% used [0x00000000f8200000,0x00000000f8b2b2b8,0x00000000f9480000)
  to   space 27648K, 0% used [0x00000000f6700000,0x00000000f6700000,0x00000000f8200000)
 ParOldGen       total 349696K, used 349693K [0x00000000e0000000, 0x00000000f5580000, 0x00000000f5580000)
  object space 349696K, 99% used [0x00000000e0000000,0x00000000f557f620,0x00000000f5580000)
 Metaspace       used 59085K, committed 60096K, reserved 1105920K
  class space    used 5886K, committed 6272K, reserved 1048576K
}
Event: 1986.850 GC heap after
{Heap after GC invocations=980 (full 858):
 PSYoungGen      total 36864K, used 27308K [0x00000000f5580000, 0x00000000f9d80000, 0x0000000100000000)
  eden space 17920K, 99% used [0x00000000f5580000,0x00000000f66ffef8,0x00000000f6700000)
  from space 18944K, 49% used [0x00000000f8200000,0x00000000f8b2b2b8,0x00000000f9480000)
  to   space 27648K, 0% used [0x00000000f6700000,0x00000000f6700000,0x00000000f8200000)
 ParOldGen       total 349696K, used 349693K [0x00000000e0000000, 0x00000000f5580000, 0x00000000f5580000)
  object space 349696K, 99% used [0x00000000e0000000,0x00000000f557f620,0x00000000f5580000)
 Metaspace       used 59085K, committed 60096K, reserved 1105920K
  class space    used 5886K, committed 6272K, reserved 1048576K
}
Event: 1986.850 GC heap before
{Heap before GC invocations=981 (full 859):
 PSYoungGen      total 36864K, used 27308K [0x00000000f5580000, 0x00000000f9d80000, 0x0000000100000000)
  eden space 17920K, 99% used [0x00000000f5580000,0x00000000f66ffef8,0x00000000f6700000)
  from space 18944K, 49% used [0x00000000f8200000,0x00000000f8b2b2b8,0x00000000f9480000)
  to   space 27648K, 0% used [0x00000000f6700000,0x00000000f6700000,0x00000000f8200000)
 ParOldGen       total 349696K, used 349693K [0x00000000e0000000, 0x00000000f5580000, 0x00000000f5580000)
  object space 349696K, 99% used [0x00000000e0000000,0x00000000f557f620,0x00000000f5580000)
 Metaspace       used 59085K, committed 60096K, reserved 1105920K
  class space    used 5886K, committed 6272K, reserved 1048576K
}
Event: 1989.305 GC heap after
{Heap after GC invocations=981 (full 859):
 PSYoungGen      total 36864K, used 27308K [0x00000000f5580000, 0x00000000f9d80000, 0x0000000100000000)
  eden space 17920K, 99% used [0x00000000f5580000,0x00000000f66ffef8,0x00000000f6700000)
  from space 18944K, 49% used [0x00000000f8200000,0x00000000f8b2b2b8,0x00000000f9480000)
  to   space 27648K, 0% used [0x00000000f6700000,0x00000000f6700000,0x00000000f8200000)
 ParOldGen       total 349696K, used 349693K [0x00000000e0000000, 0x00000000f5580000, 0x00000000f5580000)
  object space 349696K, 99% used [0x00000000e0000000,0x00000000f557f620,0x00000000f5580000)
 Metaspace       used 59085K, committed 60096K, reserved 1105920K
  class space    used 5886K, committed 6272K, reserved 1048576K
}

Dll operation events (9 events):
Event: 0.003 Loaded shared library /nix/store/gpxl5qgg8kicmcvivwmybwjlpf7wh20l-graalvm17-ce-22.3.0/lib/libjava.so
Event: 0.028 Loaded shared library /nix/store/gpxl5qgg8kicmcvivwmybwjlpf7wh20l-graalvm17-ce-22.3.0/lib/libjsvml.so
Event: 0.246 Loaded shared library /nix/store/gpxl5qgg8kicmcvivwmybwjlpf7wh20l-graalvm17-ce-22.3.0/lib/libnio.so
Event: 0.304 Loaded shared library /nix/store/gpxl5qgg8kicmcvivwmybwjlpf7wh20l-graalvm17-ce-22.3.0/lib/libzip.so
Event: 0.312 Loaded shared library /nix/store/gpxl5qgg8kicmcvivwmybwjlpf7wh20l-graalvm17-ce-22.3.0/lib/libjvmcicompiler.so
Event: 0.811 Loaded shared library /nix/store/gpxl5qgg8kicmcvivwmybwjlpf7wh20l-graalvm17-ce-22.3.0/lib/libjimage.so
Event: 1.523 Loaded shared library /nix/store/gpxl5qgg8kicmcvivwmybwjlpf7wh20l-graalvm17-ce-22.3.0/lib/libnet.so
Event: 13.599 Loaded shared library /home/runner/.cache/jdt-language-server/config/org.eclipse.equinox.launcher/org.eclipse.equinox.launcher.gtk.linux.x86_64_1.2.400.v20211117-0650/eclipse_11600.so
Event: 26.405 Loaded shared library /nix/store/gpxl5qgg8kicmcvivwmybwjlpf7wh20l-graalvm17-ce-22.3.0/lib/libextnet.so

Deoptimization events (20 events):
Event: 105.028 Thread 0x00007f4a7c4a9720 DEOPT PACKING pc=0x00007f4ac8372005 sp=0x00007f4a8dffe530
Event: 105.028 Thread 0x00007f4a7c4a9720 DEOPT UNPACKING pc=0x00007f4ac7505325 sp=0x00007f4a8dffda20 mode 0
Event: 105.030 Thread 0x00007f4a7c4a9720 DEOPT PACKING pc=0x00007f4ac8372005 sp=0x00007f4a8dffe530
Event: 105.030 Thread 0x00007f4a7c4a9720 DEOPT UNPACKING pc=0x00007f4ac7505325 sp=0x00007f4a8dffda20 mode 0
Event: 105.103 Thread 0x00007f4a7c4a9720 DEOPT PACKING pc=0x00007f4ac8372005 sp=0x00007f4a8dffe530
Event: 105.103 Thread 0x00007f4a7c4a9720 DEOPT UNPACKING pc=0x00007f4ac7505325 sp=0x00007f4a8dffda20 mode 0
Event: 105.111 Thread 0x00007f4a7c4a9720 DEOPT PACKING pc=0x00007f4ac8372005 sp=0x00007f4a8dffe530
Event: 105.111 Thread 0x00007f4a7c4a9720 DEOPT UNPACKING pc=0x00007f4ac7505325 sp=0x00007f4a8dffda20 mode 0
Event: 105.131 Thread 0x00007f4a7c4a9720 DEOPT PACKING pc=0x00007f4ac8372005 sp=0x00007f4a8dffe530
Event: 105.131 Thread 0x00007f4a7c4a9720 DEOPT UNPACKING pc=0x00007f4ac7505325 sp=0x00007f4a8dffda20 mode 0
Event: 105.207 Thread 0x00007f4a7c4a9720 DEOPT PACKING pc=0x00007f4ac8372005 sp=0x00007f4a8dffe530
Event: 105.207 Thread 0x00007f4a7c4a9720 DEOPT UNPACKING pc=0x00007f4ac7505325 sp=0x00007f4a8dffda20 mode 0
Event: 105.220 Thread 0x00007f4a7c4a9720 DEOPT PACKING pc=0x00007f4ac8372005 sp=0x00007f4a8dffe530
Event: 105.220 Thread 0x00007f4a7c4a9720 DEOPT UNPACKING pc=0x00007f4ac7505325 sp=0x00007f4a8dffda20 mode 0
Event: 643.123 Thread 0x00007f4a681587a0 DEOPT PACKING pc=0x00007f4ac7d70cd1 sp=0x00007f4a8d5fd770
Event: 643.123 Thread 0x00007f4a681587a0 DEOPT UNPACKING pc=0x00007f4ac7505325 sp=0x00007f4a8d5fcc18 mode 0
Event: 1330.376 Thread 0x00007f4ae00b1c30 Uncommon trap: trap_request=0xffffffcd fr.pc=0x00007f4acf05b912 relative=0x0000000000000b32
Event: 1330.376 Thread 0x00007f4ae00b1c30 Uncommon trap: reason=intrinsic_or_type_checked_inlining action=reinterpret pc=0x00007f4acf05b912 method=java.io.DataOutputStream.write([BII)V @ 0 jvmci
Event: 1330.376 Thread 0x00007f4ae00b1c30 DEOPT PACKING pc=0x00007f4acf05b912 sp=0x00007f4ac6ecafb0
Event: 1330.376 Thread 0x00007f4ae00b1c30 DEOPT UNPACKING pc=0x00007f4ac7505325 sp=0x00007f4ac6eca3d0 mode 3

Classes unloaded (20 events):
Event: 209.846 Thread 0x00007f4ae00a1640 Unloading class 0x0000000801126800 'jdk/internal/reflect/GeneratedSerializationConstructorAccessor24'
Event: 209.846 Thread 0x00007f4ae00a1640 Unloading class 0x0000000801124c00 'jdk/internal/reflect/GeneratedSerializationConstructorAccessor18'
Event: 209.846 Thread 0x00007f4ae00a1640 Unloading class 0x000000080111d400 'jdk/internal/reflect/GeneratedSerializationConstructorAccessor14'
Event: 209.846 Thread 0x00007f4ae00a1640 Unloading class 0x000000080111d000 'jdk/internal/reflect/GeneratedSerializationConstructorAccessor13'
Event: 209.846 Thread 0x00007f4ae00a1640 Unloading class 0x000000080111cc00 'jdk/internal/reflect/GeneratedSerializationConstructorAccessor12'
Event: 209.846 Thread 0x00007f4ae00a1640 Unloading class 0x000000080111c800 'jdk/internal/reflect/GeneratedMethodAccessor12'
Event: 209.846 Thread 0x00007f4ae00a1640 Unloading class 0x000000080111c000 'jdk/internal/reflect/GeneratedSerializationConstructorAccessor11'
Event: 209.846 Thread 0x00007f4ae00a1640 Unloading class 0x000000080111ac00 'jdk/internal/reflect/GeneratedSerializationConstructorAccessor10'
Event: 209.846 Thread 0x00007f4ae00a1640 Unloading class 0x000000080111a800 'jdk/internal/reflect/GeneratedSerializationConstructorAccessor9'
Event: 209.846 Thread 0x00007f4ae00a1640 Unloading class 0x000000080111a400 'jdk/internal/reflect/GeneratedSerializationConstructorAccessor8'
Event: 209.846 Thread 0x00007f4ae00a1640 Unloading class 0x000000080108a400 'jdk/internal/reflect/GeneratedSerializationConstructorAccessor2'
Event: 209.846 Thread 0x00007f4ae00a1640 Unloading class 0x000000080108a000 'jdk/internal/reflect/GeneratedSerializationConstructorAccessor1'
Event: 217.834 Thread 0x00007f4ae00a1640 Unloading class 0x000000080111a000 'jdk/internal/reflect/GeneratedConstructorAccessor37'
Event: 221.828 Thread 0x00007f4ae00a1640 Unloading class 0x00000008010e4c00 'jdk/internal/reflect/GeneratedMethodAccessor10'
Event: 221.828 Thread 0x00007f4ae00a1640 Unloading class 0x00000008010e4800 'jdk/internal/reflect/GeneratedMethodAccessor9'
Event: 221.828 Thread 0x00007f4ae00a1640 Unloading class 0x00000008010e4000 'jdk/internal/reflect/GeneratedMethodAccessor7'
Event: 223.942 Thread 0x00007f4ae00a1640 Unloading class 0x00000008010e4400 'jdk/internal/reflect/GeneratedMethodAccessor8'
Event: 226.214 Thread 0x00007f4ae00a1640 Unloading class 0x000000080111c400 'jdk/internal/reflect/GeneratedMethodAccessor11'
Event: 1539.984 Thread 0x00007f4ae00a1640 Unloading class 0x000000080111d800 'jdk/internal/reflect/GeneratedSerializationConstructorAccessor38'
Event: 1972.830 Thread 0x00007f4ae00a1640 Unloading class 0x0000000800d06800 'jdk/internal/reflect/GeneratedSerializationConstructorAccessor46'

Classes redefined (0 events):
No events

Internal exceptions (20 events):
Event: 63.902 Thread 0x00007f4ae0398650 Exception <a 'java/io/FileNotFoundException'{0x00000000f5d822d8}> (0x00000000f5d822d8) 
thrown [src/hotspot/share/prims/jni.cpp, line 516]
Event: 63.919 Thread 0x00007f4ae0398650 Exception <a 'java/io/FileNotFoundException'{0x00000000f5de7d90}> (0x00000000f5de7d90) 
thrown [src/hotspot/share/prims/jni.cpp, line 516]
Event: 63.920 Thread 0x00007f4a50001130 Exception <a 'sun/nio/fs/UnixException'{0x00000000f5671d40}> (0x00000000f5671d40) 
thrown [src/hotspot/share/prims/jni.cpp, line 516]
Event: 63.926 Thread 0x00007f4ae0398650 Exception <a 'sun/nio/fs/UnixException'{0x00000000f5e1bba0}> (0x00000000f5e1bba0) 
thrown [src/hotspot/share/prims/jni.cpp, line 516]
Event: 64.200 Thread 0x00007f4a50001130 Exception <a 'sun/nio/fs/UnixException'{0x00000000f56df238}> (0x00000000f56df238) 
thrown [src/hotspot/share/prims/jni.cpp, line 516]
Event: 64.212 Thread 0x00007f4a50001130 Exception <a 'sun/nio/fs/UnixException'{0x00000000f574da78}> (0x00000000f574da78) 
thrown [src/hotspot/share/prims/jni.cpp, line 516]
Event: 71.429 Thread 0x00007f4a600010d0 Exception <a 'java/lang/NoSuchMethodError'{0x00000000f55a7cd0}: 'java.lang.Object java.lang.invoke.DirectMethodHandle$Holder.invokeStatic(java.lang.Object, java.lang.Object, java.lang.Object, long)'> (0x00000000f55a7cd0) 
thrown [src/hotspot/share/interpreter/linkResolver.cpp, line 758]
Event: 71.430 Thread 0x00007f4a600010d0 Exception <a 'java/lang/NoSuchMethodError'{0x00000000f55b0b10}: 'java.lang.Object java.lang.invoke.DirectMethodHandle$Holder.newInvokeSpecial(java.lang.Object, java.lang.Object, java.lang.Object, long)'> (0x00000000f55b0b10) 
thrown [src/hotspot/share/interpreter/linkResolver.cpp, line 758]
Event: 71.431 Thread 0x00007f4a600010d0 Exception <a 'java/lang/NoSuchMethodError'{0x00000000f55b5a20}: 'java.lang.Object java.lang.invoke.DirectMethodHandle$Holder.invokeSpecial(java.lang.Object, java.lang.Object, java.lang.Object, java.lang.Object, long)'> (0x00000000f55b5a20) 
thrown [src/hotspot/share/interpreter/linkResolver.cpp, line 758]
Event: 71.441 Thread 0x00007f4a600010d0 Exception <a 'java/lang/NoSuchMethodError'{0x00000000f55c0f40}: 'java.lang.Object java.lang.invoke.Invokers$Holder.linkToTargetMethod(java.lang.Object, java.lang.Object, long, java.lang.Object)'> (0x00000000f55c0f40) 
thrown [src/hotspot/share/interpreter/linkResolver.cpp, line 758]
Event: 71.822 Thread 0x00007f4a600010d0 Exception <a 'java/io/FileNotFoundException'{0x00000000f5eb11a0}> (0x00000000f5eb11a0) 
thrown [src/hotspot/share/prims/jni.cpp, line 516]
Event: 72.809 Thread 0x00007f4a68165f30 Implicit null exception at 0x00007f4acf15cea2 to 0x00007f4acf15d22c
Event: 73.541 Thread 0x00007f4a68165f30 Implicit null exception at 0x00007f4acf0b05c2 to 0x00007f4acf0b0b35
Event: 76.701 Thread 0x00007f4a48000ff0 Exception <a 'java/lang/NoSuchMethodError'{0x00000000f62cbea8}: 'java.lang.Object java.lang.invoke.DirectMethodHandle$Holder.newInvokeSpecial(java.lang.Object, java.lang.Object, int, java.lang.Object, java.lang.Object)'> (0x00000000f62cbea8) 
thrown [src/hotspot/share/interpreter/linkResolver.cpp, line 758]
Event: 76.731 Thread 0x00007f4a48000ff0 Exception <a 'java/lang/NoSuchMethodError'{0x00000000f5582c48}: 'java.lang.Object java.lang.invoke.DirectMethodHandle$Holder.invokeSpecial(java.lang.Object, java.lang.Object, java.lang.Object, int, java.lang.Object, java.lang.Object)'> (0x00000000f5582c48) 
thrown [src/hotspot/share/interpreter/linkResolver.cpp, line 758]
Event: 77.018 Thread 0x00007f4a68165f30 Exception <a 'java/lang/NoSuchMethodError'{0x00000000f5db9790}: 'java.lang.Object java.lang.invoke.DirectMethodHandle$Holder.invokeStatic(java.lang.Object, int, java.lang.Object, java.lang.Object, java.lang.Object, java.lang.Object)'> (0x00000000f5db9790) 
thrown [src/hotspot/share/interpreter/linkResolver.cpp, line 758]
Event: 77.019 Thread 0x00007f4a68165f30 Exception <a 'java/lang/NoSuchMethodError'{0x00000000f5dc1f00}: 'java.lang.Object java.lang.invoke.DirectMethodHandle$Holder.newInvokeSpecial(java.lang.Object, int, java.lang.Object, java.lang.Object, java.lang.Object)'> (0x00000000f5dc1f00) 
thrown [src/hotspot/share/interpreter/linkResolver.cpp, line 758]
Event: 77.505 Thread 0x00007f4a68165f30 Exception <a 'java/lang/NoSuchMethodError'{0x00000000f60ad940}: 'void java.lang.invoke.DirectMethodHandle$Holder.invokeSpecial(java.lang.Object, java.lang.Object, int)'> (0x00000000f60ad940) 
thrown [src/hotspot/share/interpreter/linkResolver.cpp, line 758]
Event: 80.122 Thread 0x00007f4a68165f30 Exception <a 'java/lang/NoSuchMethodError'{0x00000000f592a328}: 'int java.lang.invoke.DirectMethodHandle$Holder.invokeSpecialIFC(java.lang.Object, java.lang.Object, java.lang.Object, java.lang.Object)'> (0x00000000f592a328) 
thrown [src/hotspot/share/interpreter/linkResolver.cpp, line 758]
Event: 1989.305 Thread 0x00007f4ae00b1c30 Exception <a 'java/lang/OutOfMemoryError'{0x00000000e0012138}> (0x00000000e0012138) 
thrown [src/hotspot/share/gc/shared/memAllocator.cpp, line 136]

VM Operations (20 events):
Event: 1968.236 Executing VM operation: ParallelGCFailedAllocation
Event: 1970.062 Executing VM operation: ParallelGCFailedAllocation done
Event: 1970.062 Executing VM operation: ParallelGCFailedAllocation
Event: 1973.350 Executing VM operation: ParallelGCFailedAllocation done
Event: 1973.351 Executing VM operation: ParallelGCFailedAllocation
Event: 1975.027 Executing VM operation: ParallelGCFailedAllocation done
Event: 1975.027 Executing VM operation: ParallelGCFailedAllocation
Event: 1976.807 Executing VM operation: ParallelGCFailedAllocation done
Event: 1976.807 Executing VM operation: ParallelGCFailedAllocation
Event: 1978.449 Executing VM operation: ParallelGCFailedAllocation done
Event: 1978.450 Executing VM operation: ParallelGCFailedAllocation
Event: 1980.110 Executing VM operation: ParallelGCFailedAllocation done
Event: 1980.110 Executing VM operation: ParallelGCFailedAllocation
Event: 1982.009 Executing VM operation: ParallelGCFailedAllocation done
Event: 1982.009 Executing VM operation: ParallelGCFailedAllocation
Event: 1983.544 Executing VM operation: ParallelGCFailedAllocation done
Event: 1983.544 Executing VM operation: ParallelGCFailedAllocation
Event: 1985.325 Executing VM operation: ParallelGCFailedAllocation done
Event: 1985.328 Executing VM operation: ParallelGCFailedAllocation
Event: 1989.305 Executing VM operation: ParallelGCFailedAllocation done

Events (20 events):
Event: 138.414 Thread 0x00007f4a7c32d270 Thread exited: 0x00007f4a7c32d270
Event: 138.414 Thread 0x00007f4a64001240 Thread exited: 0x00007f4a64001240
Event: 149.500 Thread 0x00007f4a48000ff0 Thread exited: 0x00007f4a48000ff0
Event: 222.744 Thread 0x00007f4a681587a0 Thread added: 0x00007f4a681587a0
Event: 222.744 Protecting memory [0x00007f4a8d500000,0x00007f4a8d504000] with protection modes 0
Event: 338.131 Thread 0x00007f4a48000ff0 Thread added: 0x00007f4a48000ff0
Event: 338.131 Protecting memory [0x00007f4a8db00000,0x00007f4a8db04000] with protection modes 0
Event: 397.234 loading class java/io/InterruptedIOException
Event: 397.234 loading class java/io/InterruptedIOException done
Event: 397.234 loading class javax/net/ssl/SSLException
Event: 397.234 loading class javax/net/ssl/SSLException done
Event: 416.344 loading class java/lang/AssertionError
Event: 416.345 loading class java/lang/AssertionError done
Event: 439.407 Thread 0x00007f4a4844cf40 Thread exited: 0x00007f4a4844cf40
Event: 439.408 Thread 0x00007f4a40003be0 Thread exited: 0x00007f4a40003be0
Event: 496.342 Thread 0x00007f4a4844d4c0 Thread exited: 0x00007f4a4844d4c0
Event: 1014.208 Thread 0x00007f4a500f0db0 Thread added: 0x00007f4a500f0db0
Event: 1014.208 Protecting memory [0x00007f4a8e000000,0x00007f4a8e004000] with protection modes 0
Event: 1033.041 Thread 0x00007f4a500f0db0 Thread exited: 0x00007f4a500f0db0
Event: 1915.839 Thread 0x00007f4a48452910 Thread exited: 0x00007f4a48452910


Dynamic libraries:
e0000000-f3100000 rw-p 00000000 00:00 0 
f3100000-f9d80000 rw-p 00000000 00:00 0 
f9d80000-100000000 ---p 00000000 00:00 0 
800000000-800449000 rw-p 00001000 00:a6a 4611686019135357769             /nix/store/gpxl5qgg8kicmcvivwmybwjlpf7wh20l-graalvm17-ce-22.3.0/lib/server/classes.jsa
800449000-800bc8000 r--p 0044a000 00:a6a 4611686019135357769             /nix/store/gpxl5qgg8kicmcvivwmybwjlpf7wh20l-graalvm17-ce-22.3.0/lib/server/classes.jsa
800bc8000-800c00000 ---p 00000000 00:00 0 
800c00000-800c10000 rw-p 00000000 00:00 0 
800c10000-800c30000 rw-p 00000000 00:00 0 
800c30000-800cb0000 rw-p 00000000 00:00 0 
800cb0000-800cf0000 rw-p 00000000 00:00 0 
800cf0000-800db0000 rw-p 00000000 00:00 0 
800db0000-800df0000 rw-p 00000000 00:00 0 
800df0000-800f30000 rw-p 00000000 00:00 0 
800f30000-800fb0000 rw-p 00000000 00:00 0 
800fb0000-800ff0000 rw-p 00000000 00:00 0 
800ff0000-801220000 rw-p 00000000 00:00 0 
801220000-840c00000 ---p 00000000 00:00 0 
5624f2ad3000-5624f2ad4000 r-xp 00000000 00:a6a 4611686019099417844       /nix/store/gpxl5qgg8kicmcvivwmybwjlpf7wh20l-graalvm17-ce-22.3.0/bin/.java-wrapped
5624f2ad5000-5624f2ad6000 r--p 00001000 00:a6a 4611686019099417844       /nix/store/gpxl5qgg8kicmcvivwmybwjlpf7wh20l-graalvm17-ce-22.3.0/bin/.java-wrapped
5624f2ad6000-5624f2ad7000 rw-p 00002000 00:a6a 4611686019099417844       /nix/store/gpxl5qgg8kicmcvivwmybwjlpf7wh20l-graalvm17-ce-22.3.0/bin/.java-wrapped
5624f2ad7000-5624f2ad8000 rw-p 00004000 00:a6a 4611686019099417844       /nix/store/gpxl5qgg8kicmcvivwmybwjlpf7wh20l-graalvm17-ce-22.3.0/bin/.java-wrapped
5624f2ad8000-5624f2ad9000 rw-p 00005000 00:a6a 4611686019099417844       /nix/store/gpxl5qgg8kicmcvivwmybwjlpf7wh20l-graalvm17-ce-22.3.0/bin/.java-wrapped
5624f321c000-5624f3264000 rw-p 00000000 00:00 0                          [heap]
7f4a20000000-7f4a20021000 rw-p 00000000 00:00 0 
7f4a20021000-7f4a24000000 ---p 00000000 00:00 0 
7f4a28000000-7f4a28021000 rw-p 00000000 00:00 0 
7f4a28021000-7f4a2c000000 ---p 00000000 00:00 0 
7f4a2c000000-7f4a2c021000 rw-p 00000000 00:00 0 
7f4a2c021000-7f4a30000000 ---p 00000000 00:00 0 
7f4a30000000-7f4a30021000 rw-p 00000000 00:00 0 
7f4a30021000-7f4a34000000 ---p 00000000 00:00 0 
7f4a364b3000-7f4a40000000 r--s 00000000 00:a6a 4611686019135192581       /nix/store/gpxl5qgg8kicmcvivwmybwjlpf7wh20l-graalvm17-ce-22.3.0/lib/modules
7f4a40000000-7f4a40021000 rw-p 00000000 00:00 0 
7f4a40021000-7f4a44000000 ---p 00000000 00:00 0 
7f4a46800000-7f4a46d50000 rw-p 00000000 00:00 0 
7f4a46d50000-7f4a47000000 ---p 00000000 00:00 0 
7f4a47800000-7f4a47970000 rw-p 00000000 00:00 0 
7f4a47970000-7f4a479f0000 rw-p 00000000 00:00 0 
7f4a479f0000-7f4a47ef0000 rw-p 00000000 00:00 0 
7f4a47ef0000-7f4a47f40000 rw-p 00000000 00:00 0 
7f4a47f40000-7f4a48000000 ---p 00000000 00:00 0 
7f4a48000000-7f4a48512000 rw-p 00000000 00:00 0 
7f4a48512000-7f4a4c000000 ---p 00000000 00:00 0 
7f4a4c000000-7f4a4c055000 rw-p 00000000 00:00 0 
7f4a4c055000-7f4a50000000 ---p 00000000 00:00 0 
7f4a50000000-7f4a500fd000 rw-p 00000000 00:00 0 
7f4a500fd000-7f4a54000000 ---p 00000000 00:00 0 
7f4a54000000-7f4a54021000 rw-p 00000000 00:00 0 
7f4a54021000-7f4a58000000 ---p 00000000 00:00 0 
7f4a58000000-7f4a58071000 rw-p 00000000 00:00 0 
7f4a58071000-7f4a5c000000 ---p 00000000 00:00 0 
7f4a5c000000-7f4a5c021000 rw-p 00000000 00:00 0 
7f4a5c021000-7f4a60000000 ---p 00000000 00:00 0 
7f4a60000000-7f4a6007a000 rw-p 00000000 00:00 0 
7f4a6007a000-7f4a64000000 ---p 00000000 00:00 0 
7f4a64000000-7f4a64310000 rw-p 00000000 00:00 0 
7f4a64310000-7f4a68000000 ---p 00000000 00:00 0 
7f4a68000000-7f4a68178000 rw-p 00000000 00:00 0 
7f4a68178000-7f4a6c000000 ---p 00000000 00:00 0 
7f4a6c000000-7f4a6c021000 rw-p 00000000 00:00 0 
7f4a6c021000-7f4a70000000 ---p 00000000 00:00 0 
7f4a70000000-7f4a70026000 rw-p 00000000 00:00 0 
7f4a70026000-7f4a74000000 ---p 00000000 00:00 0 
7f4a74000000-7f4a74021000 rw-p 00000000 00:00 0 
7f4a74021000-7f4a78000000 ---p 00000000 00:00 0 
7f4a78000000-7f4a78021000 rw-p 00000000 00:00 0 
7f4a78021000-7f4a7c000000 ---p 00000000 00:00 0 
7f4a7c000000-7f4a7c903000 rw-p 00000000 00:00 0 
7f4a7c903000-7f4a80000000 ---p 00000000 00:00 0 
7f4a80000000-7f4a80021000 rw-p 00000000 00:00 0 
7f4a80021000-7f4a84000000 ---p 00000000 00:00 0 
7f4a84000000-7f4a8424a000 rw-p 00000000 00:00 0 
7f4a8424a000-7f4a88000000 ---p 00000000 00:00 0 
7f4a88400000-7f4a884f0000 rw-p 00000000 00:00 0 
7f4a884f0000-7f4a885f0000 rw-p 00000000 00:00 0 
7f4a885f0000-7f4a88bf0000 rw-p 00000000 00:00 0 
7f4a88bf0000-7f4a88cd0000 rw-p 00000000 00:00 0 
7f4a88cd0000-7f4a88cf0000 rw-p 00000000 00:00 0 
7f4a88cf0000-7f4a88eb0000 rw-p 00000000 00:00 0 
7f4a88eb0000-7f4a88ef0000 rw-p 00000000 00:00 0 
7f4a88ef0000-7f4a890f0000 rw-p 00000000 00:00 0 
7f4a890f0000-7f4a891f0000 rw-p 00000000 00:00 0 
7f4a891f0000-7f4a893f0000 rw-p 00000000 00:00 0 
7f4a893f0000-7f4a894f0000 rw-p 00000000 00:00 0 
7f4a894f0000-7f4a895f0000 rw-p 00000000 00:00 0 
7f4a895f0000-7f4a89bf0000 rw-p 00000000 00:00 0 
7f4a89bf0000-7f4a89cf0000 rw-p 00000000 00:00 0 
7f4a89cf0000-7f4a89df0000 rw-p 00000000 00:00 0 
7f4a89df0000-7f4a8a0f0000 rw-p 00000000 00:00 0 
7f4a8a0f0000-7f4a8a1f0000 rw-p 00000000 00:00 0 
7f4a8a1f0000-7f4a8a400000 rw-p 00000000 00:00 0 
7f4a8a800000-7f4a8a810000 r-xp 00000000 00:a67 363                       /home/runner/.cache/jdt-language-server/config/org.eclipse.equinox.launcher/org.eclipse.equinox.launcher.gtk.linux.x86_64_1.2.400.v20211117-0650/eclipse_11600.so
7f4a8a810000-7f4a8aa0f000 ---p 00010000 00:a67 363                       /home/runner/.cache/jdt-language-server/config/org.eclipse.equinox.launcher/org.eclipse.equinox.launcher.gtk.linux.x86_64_1.2.400.v20211117-0650/eclipse_11600.so
7f4a8aa0f000-7f4a8aa10000 r--p 0000f000 00:a67 363                       /home/runner/.cache/jdt-language-server/config/org.eclipse.equinox.launcher/org.eclipse.equinox.launcher.gtk.linux.x86_64_1.2.400.v20211117-0650/eclipse_11600.so
7f4a8aa10000-7f4a8aa11000 rw-p 00010000 00:a67 363                       /home/runner/.cache/jdt-language-server/config/org.eclipse.equinox.launcher/org.eclipse.equinox.launcher.gtk.linux.x86_64_1.2.400.v20211117-0650/eclipse_11600.so
7f4a8bd00000-7f4a8be00000 ---p 00000000 00:00 0 
7f4a8be00000-7f4a8c3af000 r--p 01122000 00:a6a 4611686019135190040       /nix/store/gpxl5qgg8kicmcvivwmybwjlpf7wh20l-graalvm17-ce-22.3.0/lib/libjvmcicompiler.so
7f4a8c3af000-7f4a8c500000 r--p 00000000 00:00 0 
7f4a8c500000-7f4a8c53d000 rw-p 00000000 00:00 0 
7f4a8c53d000-7f4a8ca5d000 rw-p 0185f000 00:a6a 4611686019135190040       /nix/store/gpxl5qgg8kicmcvivwmybwjlpf7wh20l-graalvm17-ce-22.3.0/lib/libjvmcicompiler.so
7f4a8ca5d000-7f4a8ce44000 r--p 01d7f000 00:a6a 4611686019135190040       /nix/store/gpxl5qgg8kicmcvivwmybwjlpf7wh20l-graalvm17-ce-22.3.0/lib/libjvmcicompiler.so
7f4a8cf00000-7f4a8cf04000 ---p 00000000 00:00 0 
7f4a8cf04000-7f4a8d000000 rw-p 00000000 00:00 0 
7f4a8d100000-7f4a8d104000 ---p 00000000 00:00 0 
7f4a8d104000-7f4a8d200000 rw-p 00000000 00:00 0 
7f4a8d200000-7f4a8d204000 ---p 00000000 00:00 0 
7f4a8d204000-7f4a8d300000 rw-p 00000000 00:00 0 
7f4a8d300000-7f4a8d304000 ---p 00000000 00:00 0 
7f4a8d304000-7f4a8d400000 rw-p 00000000 00:00 0 
7f4a8d500000-7f4a8d504000 ---p 00000000 00:00 0 
7f4a8d504000-7f4a8d600000 rw-p 00000000 00:00 0 
7f4a8d700000-7f4a8d704000 ---p 00000000 00:00 0 
7f4a8d704000-7f4a8d800000 rw-p 00000000 00:00 0 
7f4a8d900000-7f4a8d904000 ---p 00000000 00:00 0 
7f4a8d904000-7f4a8da00000 rw-p 00000000 00:00 0 
7f4a8db00000-7f4a8db04000 ---p 00000000 00:00 0 
7f4a8db04000-7f4a8dc00000 rw-p 00000000 00:00 0 
7f4a8dd00000-7f4a8dd04000 ---p 00000000 00:00 0 
7f4a8dd04000-7f4a8de00000 rw-p 00000000 00:00 0 
7f4a8df00000-7f4a8df04000 ---p 00000000 00:00 0 
7f4a8df04000-7f4a8e000000 rw-p 00000000 00:00 0 
7f4a8e000000-7f4a8e004000 ---p 00000000 00:00 0 
7f4a8e004000-7f4a8e100000 rw-p 00000000 00:00 0 
7f4a8e100000-7f4a8e104000 ---p 00000000 00:00 0 
7f4a8e104000-7f4a8e200000 rw-p 00000000 00:00 0 
7f4a8e300000-7f4a8e304000 ---p 00000000 00:00 0 
7f4a8e304000-7f4a8e400000 rw-p 00000000 00:00 0 
7f4a8e500000-7f4a8e504000 ---p 00000000 00:00 0 
7f4a8e504000-7f4a8e600000 rw-p 00000000 00:00 0 
7f4a8e700000-7f4a8e704000 ---p 00000000 00:00 0 
7f4a8e704000-7f4a8e800000 rw-p 00000000 00:00 0 
7f4a8e800000-7f4a8e804000 ---p 00000000 00:00 0 
7f4a8e804000-7f4a8e900000 rw-p 00000000 00:00 0 
7f4a8e900000-7f4a8e904000 ---p 00000000 00:00 0 
7f4a8e904000-7f4a8ea00000 rw-p 00000000 00:00 0 
7f4a8eb00000-7f4a8eb04000 ---p 00000000 00:00 0 
7f4a8eb04000-7f4a8ec00000 rw-p 00000000 00:00 0 
7f4a8ed00000-7f4a8ed04000 ---p 00000000 00:00 0 
7f4a8ed04000-7f4a8ee00000 rw-p 00000000 00:00 0 
7f4a8fa68000-7f4a8ff00000 rw-p 00000000 00:00 0 
7f4a90000000-7f4a90021000 rw-p 00000000 00:00 0 
7f4a90021000-7f4a94000000 ---p 00000000 00:00 0 
7f4a94000000-7f4a94021000 rw-p 00000000 00:00 0 
7f4a94021000-7f4a98000000 ---p 00000000 00:00 0 
7f4a98000000-7f4a98021000 rw-p 00000000 00:00 0 
7f4a98021000-7f4a9c000000 ---p 00000000 00:00 0 
7f4a9c000000-7f4a9c021000 rw-p 00000000 00:00 0 
7f4a9c021000-7f4aa0000000 ---p 00000000 00:00 0 
7f4aa0000000-7f4aa00e3000 rw-p 00000000 00:00 0 
7f4aa00e3000-7f4aa4000000 ---p 00000000 00:00 0 
7f4aa4000000-7f4aa47d4000 rw-p 00000000 00:00 0 
7f4aa47d4000-7f4aa8000000 ---p 00000000 00:00 0 
7f4aa8000000-7f4aa8021000 rw-p 00000000 00:00 0 
7f4aa8021000-7f4aac000000 ---p 00000000 00:00 0 
7f4aac000000-7f4aac021000 rw-p 00000000 00:00 0 
7f4aac021000-7f4ab0000000 ---p 00000000 00:00 0 
7f4ab0000000-7f4ab0021000 rw-p 00000000 00:00 0 
7f4ab0021000-7f4ab4000000 ---p 00000000 00:00 0 
7f4ab4000000-7f4ab4021000 rw-p 00000000 00:00 0 
7f4ab4021000-7f4ab8000000 ---p 00000000 00:00 0 
7f4ab8000000-7f4ab8021000 rw-p 00000000 00:00 0 
7f4ab8021000-7f4abc000000 ---p 00000000 00:00 0 
7f4abc000000-7f4abc021000 rw-p 00000000 00:00 0 
7f4abc021000-7f4ac0000000 ---p 00000000 00:00 0 
7f4ac0000000-7f4ac0073000 rw-p 00000000 00:00 0 
7f4ac0073000-7f4ac4000000 ---p 00000000 00:00 0 
7f4ac4100000-7f4ac4104000 ---p 00000000 00:00 0 
7f4ac4104000-7f4ac4200000 rw-p 00000000 00:00 0 
7f4ac4200000-7f4ac636a000 r-xp 00000000 00:a6a 4611686019135190040       /nix/store/gpxl5qgg8kicmcvivwmybwjlpf7wh20l-graalvm17-ce-22.3.0/lib/libjvmcicompiler.so
7f4ac636a000-7f4ac6569000 ---p 0216a000 00:a6a 4611686019135190040       /nix/store/gpxl5qgg8kicmcvivwmybwjlpf7wh20l-graalvm17-ce-22.3.0/lib/libjvmcicompiler.so
7f4ac6569000-7f4ac656a000 r--p 02169000 00:a6a 4611686019135190040       /nix/store/gpxl5qgg8kicmcvivwmybwjlpf7wh20l-graalvm17-ce-22.3.0/lib/libjvmcicompiler.so
7f4ac656a000-7f4ac656c000 rw-p 0216a000 00:a6a 4611686019135190040       /nix/store/gpxl5qgg8kicmcvivwmybwjlpf7wh20l-graalvm17-ce-22.3.0/lib/libjvmcicompiler.so
7f4ac656c000-7f4ac656d000 rw-p 00000000 00:00 0 
7f4ac656d000-7f4ac6572000 rw-p 023c3000 00:a6a 4611686019135190040       /nix/store/gpxl5qgg8kicmcvivwmybwjlpf7wh20l-graalvm17-ce-22.3.0/lib/libjvmcicompiler.so
7f4ac65cb000-7f4ac65cf000 ---p 00000000 00:00 0 
7f4ac65cf000-7f4ac66cb000 rw-p 00000000 00:00 0 
7f4ac66cb000-7f4ac66cc000 ---p 00000000 00:00 0 
7f4ac66cc000-7f4ac67cd000 rw-p 00000000 00:00 0 
7f4ac67cd000-7f4ac67d1000 ---p 00000000 00:00 0 
7f4ac67d1000-7f4ac68cd000 rw-p 00000000 00:00 0 
7f4ac68cd000-7f4ac68d1000 ---p 00000000 00:00 0 
7f4ac68d1000-7f4ac69cd000 rw-p 00000000 00:00 0 
7f4ac69cd000-7f4ac69d1000 ---p 00000000 00:00 0 
7f4ac69d1000-7f4ac6acd000 rw-p 00000000 00:00 0 
7f4ac6acd000-7f4ac6ad1000 ---p 00000000 00:00 0 
7f4ac6ad1000-7f4ac6ccd000 rw-p 00000000 00:00 0 
7f4ac6ccd000-7f4ac6cd1000 ---p 00000000 00:00 0 
7f4ac6cd1000-7f4ac6ecd000 rw-p 00000000 00:00 0 
7f4ac6ecd000-7f4ac6ed1000 ---p 00000000 00:00 0 
7f4ac6ed1000-7f4ac6fcd000 rw-p 00000000 00:00 0 
7f4ac6fcd000-7f4ac6fd1000 ---p 00000000 00:00 0 
7f4ac6fd1000-7f4ac70cd000 rw-p 00000000 00:00 0 
7f4ac70cd000-7f4ac70d1000 ---p 00000000 00:00 0 
7f4ac70d1000-7f4ac71cd000 rw-p 00000000 00:00 0 
7f4ac71cd000-7f4ac74b3000 r--p 00000000 00:ebc 28444448                  /usr/lib/locale/locale-archive
7f4ac74b3000-7f4ac7723000 rwxp 00000000 00:00 0 
7f4ac7723000-7f4ac7a42000 ---p 00000000 00:00 0 
7f4ac7a42000-7f4ac88a2000 rwxp 00000000 00:00 0 
7f4ac88a2000-7f4acef7a000 ---p 00000000 00:00 0 
7f4acef7a000-7f4acf23a000 rwxp 00000000 00:00 0 
7f4acf23a000-7f4ad64b3000 ---p 00000000 00:00 0 
7f4ad64b3000-7f4ae0000000 r--s 00000000 00:a6a 4611686019135192581       /nix/store/gpxl5qgg8kicmcvivwmybwjlpf7wh20l-graalvm17-ce-22.3.0/lib/modules
7f4ae0000000-7f4ae0623000 rw-p 00000000 00:00 0 
7f4ae0623000-7f4ae4000000 ---p 00000000 00:00 0 
7f4ae40fe000-7f4ae4102000 ---p 00000000 00:00 0 
7f4ae4102000-7f4ae41fe000 rw-p 00000000 00:00 0 
7f4ae41fe000-7f4ae4202000 ---p 00000000 00:00 0 
7f4ae4202000-7f4ae42fe000 rw-p 00000000 00:00 0 
7f4ae42fe000-7f4ae42ff000 ---p 00000000 00:00 0 
7f4ae42ff000-7f4ae47f0000 rw-p 00000000 00:00 0 
7f4ae47f0000-7f4ae4af0000 rw-p 00000000 00:00 0 
7f4ae4af0000-7f4ae4c00000 rw-p 00000000 00:00 0 
7f4ae4c35000-7f4ae4c37000 r-xp 00000000 00:a6a 4611686019135190017       /nix/store/gpxl5qgg8kicmcvivwmybwjlpf7wh20l-graalvm17-ce-22.3.0/lib/libextnet.so
7f4ae4c37000-7f4ae4c38000 r--p 00001000 00:a6a 4611686019135190017       /nix/store/gpxl5qgg8kicmcvivwmybwjlpf7wh20l-graalvm17-ce-22.3.0/lib/libextnet.so
7f4ae4c38000-7f4ae4c39000 rw-p 00002000 00:a6a 4611686019135190017       /nix/store/gpxl5qgg8kicmcvivwmybwjlpf7wh20l-graalvm17-ce-22.3.0/lib/libextnet.so
7f4ae4c39000-7f4ae4c3a000 rw-p 00004000 00:a6a 4611686019135190017       /nix/store/gpxl5qgg8kicmcvivwmybwjlpf7wh20l-graalvm17-ce-22.3.0/lib/libextnet.so
7f4ae4c3a000-7f4ae4c3e000 ---p 00000000 00:00 0 
7f4ae4c3e000-7f4ae4c5c000 rw-p 00000000 00:00 0 
7f4ae4c5c000-7f4ae4c63000 r-xp 00000000 00:a6a 4611686019135192580       /nix/store/gpxl5qgg8kicmcvivwmybwjlpf7wh20l-graalvm17-ce-22.3.0/lib/libzip.so
7f4ae4c63000-7f4ae4c64000 ---p 00007000 00:a6a 4611686019135192580       /nix/store/gpxl5qgg8kicmcvivwmybwjlpf7wh20l-graalvm17-ce-22.3.0/lib/libzip.so
7f4ae4c64000-7f4ae4c65000 r--p 00007000 00:a6a 4611686019135192580       /nix/store/gpxl5qgg8kicmcvivwmybwjlpf7wh20l-graalvm17-ce-22.3.0/lib/libzip.so
7f4ae4c65000-7f4ae4c66000 rw-p 00008000 00:a6a 4611686019135192580       /nix/store/gpxl5qgg8kicmcvivwmybwjlpf7wh20l-graalvm17-ce-22.3.0/lib/libzip.so
7f4ae4c66000-7f4ae4c68000 rw-p 0000b000 00:a6a 4611686019135192580       /nix/store/gpxl5qgg8kicmcvivwmybwjlpf7wh20l-graalvm17-ce-22.3.0/lib/libzip.so
7f4ae4c68000-7f4ae4c7d000 r-xp 00000000 00:a6a 4611686019135192570       /nix/store/gpxl5qgg8kicmcvivwmybwjlpf7wh20l-graalvm17-ce-22.3.0/lib/libnet.so
7f4ae4c7d000-7f4ae4c7e000 ---p 00015000 00:a6a 4611686019135192570       /nix/store/gpxl5qgg8kicmcvivwmybwjlpf7wh20l-graalvm17-ce-22.3.0/lib/libnet.so
7f4ae4c7e000-7f4ae4c7f000 r--p 00015000 00:a6a 4611686019135192570       /nix/store/gpxl5qgg8kicmcvivwmybwjlpf7wh20l-graalvm17-ce-22.3.0/lib/libnet.so
7f4ae4c7f000-7f4ae4c80000 rw-p 00016000 00:a6a 4611686019135192570       /nix/store/gpxl5qgg8kicmcvivwmybwjlpf7wh20l-graalvm17-ce-22.3.0/lib/libnet.so
7f4ae4c80000-7f4ae4c83000 rw-p 0001b000 00:a6a 4611686019135192570       /nix/store/gpxl5qgg8kicmcvivwmybwjlpf7wh20l-graalvm17-ce-22.3.0/lib/libnet.so
7f4ae4c83000-7f4ae4c96000 r-xp 00000000 00:a6a 4611686019135192571       /nix/store/gpxl5qgg8kicmcvivwmybwjlpf7wh20l-graalvm17-ce-22.3.0/lib/libnio.so
7f4ae4c96000-7f4ae4c97000 r--p 00012000 00:a6a 4611686019135192571       /nix/store/gpxl5qgg8kicmcvivwmybwjlpf7wh20l-graalvm17-ce-22.3.0/lib/libnio.so
7f4ae4c97000-7f4ae4c98000 rw-p 00013000 00:a6a 4611686019135192571       /nix/store/gpxl5qgg8kicmcvivwmybwjlpf7wh20l-graalvm17-ce-22.3.0/lib/libnio.so
7f4ae4c98000-7f4ae4c9d000 rw-p 00019000 00:a6a 4611686019135192571       /nix/store/gpxl5qgg8kicmcvivwmybwjlpf7wh20l-graalvm17-ce-22.3.0/lib/libnio.so
7f4ae4c9d000-7f4ae4d6b000 r-xp 00000000 00:a6a 4611686019135190036       /nix/store/gpxl5qgg8kicmcvivwmybwjlpf7wh20l-graalvm17-ce-22.3.0/lib/libjsvml.so
7f4ae4d6b000-7f4ae4d6c000 r--p 000cd000 00:a6a 4611686019135190036       /nix/store/gpxl5qgg8kicmcvivwmybwjlpf7wh20l-graalvm17-ce-22.3.0/lib/libjsvml.so
7f4ae4d6c000-7f4ae4d6d000 rw-p 000ce000 00:a6a 4611686019135190036       /nix/store/gpxl5qgg8kicmcvivwmybwjlpf7wh20l-graalvm17-ce-22.3.0/lib/libjsvml.so
7f4ae4d6d000-7f4ae6645000 rw-p 00000000 00:00 0 
7f4ae6645000-7f4ae6646000 ---p 00000000 00:00 0 
7f4ae6646000-7f4ae67e0000 rw-p 00000000 00:00 0 
7f4ae67e0000-7f4ae6816000 rw-p 00000000 00:00 0 
7f4ae6816000-7f4ae6847000 ---p 00000000 00:00 0 
7f4ae6847000-7f4ae684e000 rw-p 00000000 00:00 0 
7f4ae684e000-7f4ae6933000 ---p 00000000 00:00 0 
7f4ae6933000-7f4ae6950000 rw-p 00000000 00:00 0 
7f4ae6950000-7f4ae6a1e000 ---p 00000000 00:00 0 
7f4ae6a1e000-7f4ae6a23000 rw-p 00000000 00:00 0 
7f4ae6a23000-7f4ae6a2a000 ---p 00000000 00:00 0 
7f4ae6a2a000-7f4ae6a4e000 r-xp 00000000 00:a6a 4611686019135190028       /nix/store/gpxl5qgg8kicmcvivwmybwjlpf7wh20l-graalvm17-ce-22.3.0/lib/libjava.so
7f4ae6a4e000-7f4ae6a4f000 ---p 00024000 00:a6a 4611686019135190028       /nix/store/gpxl5qgg8kicmcvivwmybwjlpf7wh20l-graalvm17-ce-22.3.0/lib/libjava.so
7f4ae6a4f000-7f4ae6a50000 r--p 00024000 00:a6a 4611686019135190028       /nix/store/gpxl5qgg8kicmcvivwmybwjlpf7wh20l-graalvm17-ce-22.3.0/lib/libjava.so
7f4ae6a50000-7f4ae6a51000 rw-p 00025000 00:a6a 4611686019135190028       /nix/store/gpxl5qgg8kicmcvivwmybwjlpf7wh20l-graalvm17-ce-22.3.0/lib/libjava.so
7f4ae6a51000-7f4ae6a52000 rw-p 00000000 00:00 0 
7f4ae6a52000-7f4ae6a59000 rw-p 0002f000 00:a6a 4611686019135190028       /nix/store/gpxl5qgg8kicmcvivwmybwjlpf7wh20l-graalvm17-ce-22.3.0/lib/libjava.so
7f4ae6a59000-7f4ae6a61000 rw-s 00000000 00:eb5 360                       /tmp/hsperfdata_runner/38
7f4ae6a61000-7f4ae6a62000 ---p 00000000 00:00 0 
7f4ae6a62000-7f4ae6a63000 r--p 00000000 00:00 0 
7f4ae6a63000-7f4ae6a64000 rwxp 00000000 00:00 0 
7f4ae6a64000-7f4ae6a7f000 r-xp 00000000 00:a6a 4611686019135190032       /nix/store/gpxl5qgg8kicmcvivwmybwjlpf7wh20l-graalvm17-ce-22.3.0/lib/libjimage.so
7f4ae6a7f000-7f4ae6a80000 ---p 0001b000 00:a6a 4611686019135190032       /nix/store/gpxl5qgg8kicmcvivwmybwjlpf7wh20l-graalvm17-ce-22.3.0/lib/libjimage.so
7f4ae6a80000-7f4ae6a82000 r--p 0001b000 00:a6a 4611686019135190032       /nix/store/gpxl5qgg8kicmcvivwmybwjlpf7wh20l-graalvm17-ce-22.3.0/lib/libjimage.so
7f4ae6a82000-7f4ae6a83000 rw-p 0001d000 00:a6a 4611686019135190032       /nix/store/gpxl5qgg8kicmcvivwmybwjlpf7wh20l-graalvm17-ce-22.3.0/lib/libjimage.so
7f4ae6a83000-7f4ae6a84000 rw-p 00024000 00:a6a 4611686019135190032       /nix/store/gpxl5qgg8kicmcvivwmybwjlpf7wh20l-graalvm17-ce-22.3.0/lib/libjimage.so
7f4ae6a84000-7f4ae6a88000 ---p 00000000 00:00 0 
7f4ae6a88000-7f4ae6b84000 rw-p 00000000 00:00 0 
7f4ae6b84000-7f4ae6b92000 r--p 00000000 00:a6a 4611686019027979927       /nix/store/4nlgxhb09sdr51nc9hdm8az5b08vzkgx-glibc-2.35-163/lib/libm.so.6
7f4ae6b92000-7f4ae6c05000 r-xp 0000e000 00:a6a 4611686019027979927       /nix/store/4nlgxhb09sdr51nc9hdm8az5b08vzkgx-glibc-2.35-163/lib/libm.so.6
7f4ae6c05000-7f4ae6c62000 r--p 00081000 00:a6a 4611686019027979927       /nix/store/4nlgxhb09sdr51nc9hdm8az5b08vzkgx-glibc-2.35-163/lib/libm.so.6
7f4ae6c62000-7f4ae6c63000 r--p 000dd000 00:a6a 4611686019027979927       /nix/store/4nlgxhb09sdr51nc9hdm8az5b08vzkgx-glibc-2.35-163/lib/libm.so.6
7f4ae6c63000-7f4ae6c64000 rw-p 000de000 00:a6a 4611686019027979927       /nix/store/4nlgxhb09sdr51nc9hdm8az5b08vzkgx-glibc-2.35-163/lib/libm.so.6
7f4ae6c64000-7f4ae6c65000 r--p 00000000 00:a6a 4611686019027979946       /nix/store/4nlgxhb09sdr51nc9hdm8az5b08vzkgx-glibc-2.35-163/lib/librt.so.1
7f4ae6c65000-7f4ae6c66000 r-xp 00001000 00:a6a 4611686019027979946       /nix/store/4nlgxhb09sdr51nc9hdm8az5b08vzkgx-glibc-2.35-163/lib/librt.so.1
7f4ae6c66000-7f4ae6c67000 r--p 00002000 00:a6a 4611686019027979946       /nix/store/4nlgxhb09sdr51nc9hdm8az5b08vzkgx-glibc-2.35-163/lib/librt.so.1
7f4ae6c67000-7f4ae6c68000 r--p 00002000 00:a6a 4611686019027979946       /nix/store/4nlgxhb09sdr51nc9hdm8az5b08vzkgx-glibc-2.35-163/lib/librt.so.1
7f4ae6c68000-7f4ae6c69000 rw-p 00003000 00:a6a 4611686019027979946       /nix/store/4nlgxhb09sdr51nc9hdm8az5b08vzkgx-glibc-2.35-163/lib/librt.so.1
7f4ae6c69000-7f4ae7d7c000 r-xp 00000000 00:a6a 4611686019135360866       /nix/store/gpxl5qgg8kicmcvivwmybwjlpf7wh20l-graalvm17-ce-22.3.0/lib/server/libjvm.so
7f4ae7d7c000-7f4ae7d7d000 ---p 01113000 00:a6a 4611686019135360866       /nix/store/gpxl5qgg8kicmcvivwmybwjlpf7wh20l-graalvm17-ce-22.3.0/lib/server/libjvm.so
7f4ae7d7d000-7f4ae7e32000 r--p 01113000 00:a6a 4611686019135360866       /nix/store/gpxl5qgg8kicmcvivwmybwjlpf7wh20l-graalvm17-ce-22.3.0/lib/server/libjvm.so
7f4ae7e32000-7f4ae7e66000 rw-p 011c8000 00:a6a 4611686019135360866       /nix/store/gpxl5qgg8kicmcvivwmybwjlpf7wh20l-graalvm17-ce-22.3.0/lib/server/libjvm.so
7f4ae7e66000-7f4ae7ec2000 rw-p 00000000 00:00 0 
7f4ae7ec2000-7f4ae7eea000 r--p 00000000 00:a6a 4611686019027979918       /nix/store/4nlgxhb09sdr51nc9hdm8az5b08vzkgx-glibc-2.35-163/lib/libc.so.6
7f4ae7eea000-7f4ae8060000 r-xp 00028000 00:a6a 4611686019027979918       /nix/store/4nlgxhb09sdr51nc9hdm8az5b08vzkgx-glibc-2.35-163/lib/libc.so.6
7f4ae8060000-7f4ae80b8000 r--p 0019e000 00:a6a 4611686019027979918       /nix/store/4nlgxhb09sdr51nc9hdm8az5b08vzkgx-glibc-2.35-163/lib/libc.so.6
7f4ae80b8000-7f4ae80bc000 r--p 001f6000 00:a6a 4611686019027979918       /nix/store/4nlgxhb09sdr51nc9hdm8az5b08vzkgx-glibc-2.35-163/lib/libc.so.6
7f4ae80bc000-7f4ae80be000 rw-p 001fa000 00:a6a 4611686019027979918       /nix/store/4nlgxhb09sdr51nc9hdm8az5b08vzkgx-glibc-2.35-163/lib/libc.so.6
7f4ae80be000-7f4ae80cd000 rw-p 00000000 00:00 0 
7f4ae80cd000-7f4ae80ce000 r--p 00000000 00:a6a 4611686019027979923       /nix/store/4nlgxhb09sdr51nc9hdm8az5b08vzkgx-glibc-2.35-163/lib/libdl.so.2
7f4ae80ce000-7f4ae80cf000 r-xp 00001000 00:a6a 4611686019027979923       /nix/store/4nlgxhb09sdr51nc9hdm8az5b08vzkgx-glibc-2.35-163/lib/libdl.so.2
7f4ae80cf000-7f4ae80d0000 r--p 00002000 00:a6a 4611686019027979923       /nix/store/4nlgxhb09sdr51nc9hdm8az5b08vzkgx-glibc-2.35-163/lib/libdl.so.2
7f4ae80d0000-7f4ae80d1000 r--p 00002000 00:a6a 4611686019027979923       /nix/store/4nlgxhb09sdr51nc9hdm8az5b08vzkgx-glibc-2.35-163/lib/libdl.so.2
7f4ae80d1000-7f4ae80d2000 rw-p 00003000 00:a6a 4611686019027979923       /nix/store/4nlgxhb09sdr51nc9hdm8az5b08vzkgx-glibc-2.35-163/lib/libdl.so.2
7f4ae80d2000-7f4ae80d3000 r--p 00000000 00:a6a 4611686019027979942       /nix/store/4nlgxhb09sdr51nc9hdm8az5b08vzkgx-glibc-2.35-163/lib/libpthread.so.0
7f4ae80d3000-7f4ae80d4000 r-xp 00001000 00:a6a 4611686019027979942       /nix/store/4nlgxhb09sdr51nc9hdm8az5b08vzkgx-glibc-2.35-163/lib/libpthread.so.0
7f4ae80d4000-7f4ae80d5000 r--p 00002000 00:a6a 4611686019027979942       /nix/store/4nlgxhb09sdr51nc9hdm8az5b08vzkgx-glibc-2.35-163/lib/libpthread.so.0
7f4ae80d5000-7f4ae80d6000 r--p 00002000 00:a6a 4611686019027979942       /nix/store/4nlgxhb09sdr51nc9hdm8az5b08vzkgx-glibc-2.35-163/lib/libpthread.so.0
7f4ae80d6000-7f4ae80d7000 rw-p 00003000 00:a6a 4611686019027979942       /nix/store/4nlgxhb09sdr51nc9hdm8az5b08vzkgx-glibc-2.35-163/lib/libpthread.so.0
7f4ae80d7000-7f4ae80e5000 r-xp 00000000 00:a6a 4611686019135190033       /nix/store/gpxl5qgg8kicmcvivwmybwjlpf7wh20l-graalvm17-ce-22.3.0/lib/libjli.so
7f4ae80e5000-7f4ae80e6000 ---p 0000e000 00:a6a 4611686019135190033       /nix/store/gpxl5qgg8kicmcvivwmybwjlpf7wh20l-graalvm17-ce-22.3.0/lib/libjli.so
7f4ae80e6000-7f4ae80e7000 r--p 0000e000 00:a6a 4611686019135190033       /nix/store/gpxl5qgg8kicmcvivwmybwjlpf7wh20l-graalvm17-ce-22.3.0/lib/libjli.so
7f4ae80e7000-7f4ae80e8000 rw-p 0000f000 00:a6a 4611686019135190033       /nix/store/gpxl5qgg8kicmcvivwmybwjlpf7wh20l-graalvm17-ce-22.3.0/lib/libjli.so
7f4ae80e8000-7f4ae80e9000 rw-p 00012000 00:a6a 4611686019135190033       /nix/store/gpxl5qgg8kicmcvivwmybwjlpf7wh20l-graalvm17-ce-22.3.0/lib/libjli.so
7f4ae80e9000-7f4ae80ec000 r--p 00000000 00:a6a 4611686019106210071       /nix/store/026hln0aq1hyshaxsdvhg0kmcm6yf45r-zlib-1.2.13/lib/libz.so.1.2.13
7f4ae80ec000-7f4ae80fe000 r-xp 00003000 00:a6a 4611686019106210071       /nix/store/026hln0aq1hyshaxsdvhg0kmcm6yf45r-zlib-1.2.13/lib/libz.so.1.2.13
7f4ae80fe000-7f4ae8105000 r--p 00015000 00:a6a 4611686019106210071       /nix/store/026hln0aq1hyshaxsdvhg0kmcm6yf45r-zlib-1.2.13/lib/libz.so.1.2.13
7f4ae8105000-7f4ae8106000 r--p 0001b000 00:a6a 4611686019106210071       /nix/store/026hln0aq1hyshaxsdvhg0kmcm6yf45r-zlib-1.2.13/lib/libz.so.1.2.13
7f4ae8106000-7f4ae8107000 rw-p 0001c000 00:a6a 4611686019106210071       /nix/store/026hln0aq1hyshaxsdvhg0kmcm6yf45r-zlib-1.2.13/lib/libz.so.1.2.13
7f4ae8107000-7f4ae8109000 rw-p 00000000 00:00 0 
7f4ae8109000-7f4ae810b000 r--p 00000000 00:a6a 4611686019027979912       /nix/store/4nlgxhb09sdr51nc9hdm8az5b08vzkgx-glibc-2.35-163/lib/ld-linux-x86-64.so.2
7f4ae810b000-7f4ae8132000 r-xp 00002000 00:a6a 4611686019027979912       /nix/store/4nlgxhb09sdr51nc9hdm8az5b08vzkgx-glibc-2.35-163/lib/ld-linux-x86-64.so.2
7f4ae8132000-7f4ae813e000 r--p 00029000 00:a6a 4611686019027979912       /nix/store/4nlgxhb09sdr51nc9hdm8az5b08vzkgx-glibc-2.35-163/lib/ld-linux-x86-64.so.2
7f4ae813e000-7f4ae8140000 r--p 00034000 00:a6a 4611686019027979912       /nix/store/4nlgxhb09sdr51nc9hdm8az5b08vzkgx-glibc-2.35-163/lib/ld-linux-x86-64.so.2
7f4ae8140000-7f4ae8142000 rw-p 00036000 00:a6a 4611686019027979912       /nix/store/4nlgxhb09sdr51nc9hdm8az5b08vzkgx-glibc-2.35-163/lib/ld-linux-x86-64.so.2
7ffd845b5000-7ffd845d9000 rw-p 00000000 00:00 0                          [stack]
7ffd845ec000-7ffd845f0000 r--p 00000000 00:00 0                          [vvar]
7ffd845f0000-7ffd845f2000 r-xp 00000000 00:00 0                          [vdso]
ffffffffff600000-ffffffffff601000 --xp 00000000 00:00 0                  [vsyscall]


VM Arguments:
jvm_args: -XX:ThreadPriorityPolicy=1 -XX:+UnlockExperimentalVMOptions -XX:+EnableJVMCIProduct -XX:JVMCIThreadsPerNativeLibraryRuntime=1 -XX:-UnlockExperimentalVMOptions -Declipse.application=org.eclipse.jdt.ls.core.id1 -Dosgi.bundles.defaultStartLevel=4 -Declipse.product=org.eclipse.jdt.ls.core.product -Dlog.level=ALL -Xverify:none -XX:+UseParallelGC -XX:GCTimeRatio=4 -XX:AdaptiveSizePolicyWeight=90 -Dsun.zip.disableMemoryMapping=true -Xmx512m -Xms100m 
java_command: /nix/store/a7s9klvriqi68xz3qjc0qyfl5h86xc16-jdt-language-server-1.9.0/share/java/plugins/org.eclipse.equinox.launcher_1.6.400.v20210924-0641.jar --add-modules=ALL-SYSTEM --add-opens java.base/java.util=ALL-UNNAMED --add-opens java.base/java.lang=ALL-UNNAMED -configuration /home/runner/.cache/jdt-language-server/config -data /home/runner/.cache/jdt-language-server/data/home/runner/709-week1
java_class_path (initial): /nix/store/a7s9klvriqi68xz3qjc0qyfl5h86xc16-jdt-language-server-1.9.0/share/java/plugins/org.eclipse.equinox.launcher_1.6.400.v20210924-0641.jar
Launcher Type: SUN_STANDARD

[Global flags]
    uintx AdaptiveSizePolicyWeight                 = 90                                        {product} {command line}
     intx CICompilerCount                          = 2                                         {product} {ergonomic}
     bool EnableJVMCIProduct                       = true                                {JVMCI product} {jimage}
    uintx GCTimeRatio                              = 4                                         {product} {command line}
   size_t InitialHeapSize                          = 104857600                                 {product} {command line}
     uint JVMCIThreadsPerNativeLibraryRuntime      = 1                                   {JVMCI product} {jimage}
   size_t MaxHeapSize                              = 536870912                                 {product} {command line}
   size_t MaxNewSize                               = 178782208                                 {product} {ergonomic}
   size_t MinHeapDeltaBytes                        = 524288                                    {product} {ergonomic}
   size_t MinHeapSize                              = 104857600                                 {product} {command line}
   size_t NewSize                                  = 34603008                                  {product} {ergonomic}
    uintx NonNMethodCodeHeapSize                   = 5826188                                {pd product} {ergonomic}
    uintx NonProfiledCodeHeapSize                  = 122916026                              {pd product} {ergonomic}
   size_t OldSize                                  = 70254592                                  {product} {ergonomic}
    uintx ProfiledCodeHeapSize                     = 122916026                              {pd product} {ergonomic}
    uintx ReservedCodeCacheSize                    = 251658240                              {pd product} {ergonomic}
     bool SegmentedCodeCache                       = true                                      {product} {ergonomic}
   size_t SoftMaxHeapSize                          = 536870912                              {manageable} {ergonomic}
     intx ThreadPriorityPolicy                     = 1                                         {product} {jimage}
     bool UseCompressedClassPointers               = true                           {product lp64_product} {ergonomic}
     bool UseCompressedOops                        = true                           {product lp64_product} {ergonomic}
     bool UseParallelGC                            = true                                      {product} {command line}

Logging:
Log output configuration:
 #0: stdout all=warning uptime,level,tags
 #1: stderr all=off uptime,level,tags

Environment Variables:
JAVA_HOME=/nix/store/gpxl5qgg8kicmcvivwmybwjlpf7wh20l-graalvm17-ce-22.3.0
PATH=/nix/store/1d6ian3r8kdzspw8hacjhl3xkp40g1lj-binutils-wrapper-2.39/bin:/nix/store/dq0xwmsk1g0i2ayg6pb7y87na2knzylh-gcc-wrapper-11.3.0/bin:/nix/store/bap4d0lpcrhpwmpb8ayjcgkmvfj62lnq-bash-interactive-5.1-p16/bin:/nix/store/pr5n59mb4jzmfx6kanwxly0l07p861fg-patchelf-0.15.0/bin:/nix/store/1gf2flfqnpqbr1b4p4qz2f72y42bs56r-gcc-11.3.0/bin:/nix/store/57xv61c5zi8pphjbcwxxjlgc34p61ic9-glibc-2.35-163-bin/bin:/nix/store/a7gvj343m05j2s32xcnwr35v31ynlypr-coreutils-9.1/bin:/nix/store/039g378vc3pc3dvi9dzdlrd0i4q93qwf-binutils-2.39/bin:/nix/store/gpxl5qgg8kicmcvivwmybwjlpf7wh20l-graalvm17-ce-22.3.0/bin:/nix/store/6z9ag3ihc8mq2hzsw48lhbznvzny65nz-apache-maven-3.8.6/bin:/nix/store/a7s9klvriqi68xz3qjc0qyfl5h86xc16-jdt-language-server-1.9.0/bin:/nix/store/48ifl2w60a3zp7yskbpnvn8jp9jdsb7k-java-debug/bin:/nix/store/mydc6f4k2z73xlcz7ilif3v2lcaiqvza-findutils-4.9.0/bin:/nix/store/j9p3g8472iijd50vhdprx0nmk2fqn5gv-diffutils-3.8/bin:/nix/store/89zs7rms6x00xfq4dq6m7mjnhkr8a6r4-gnused-4.8/bin:/nix/store/86bp03jkmsl6f92w0yzg4s59g5mhxwmy-gnugrep-3.7/bin:/nix/store/hwcdqw4jrjnd37wxqgsd47hd0j8bnj09-gawk-5.1.1/bin:/nix/store/cfbhw8r8ags41vwqaz47r583d0p4h4a1-gnutar-1.34/bin:/nix/store/p3m1ndl1lapwrlh698bnb5lvvxh67378-gzip-1.12/bin:/nix/store/a8mhcagrsly7c7mpjrpsnaahk4aax056-bzip2-1.0.8-bin/bin:/nix/store/mblgz65m3zv9x548a3d5m96fj2pbwr09-gnumake-4.3/bin:/nix/store/dsd5gz46hdbdk2rfdimqddhq6m8m8fqs-bash-5.1-p16/bin:/nix/store/v7ljksji50mg3w61dykaa3n3y79n6nil-patch-2.7.6/bin:/nix/store/zlcnmqq14jz5x9439jf937mvayyl63da-xz-5.2.7-bin/bin:/nix/store/y6aj732zm9m87c82fpvf103a1xb22blp-file-5.43/bin:/nix/store/i4kzir3m7mrisxmf5xvlnkw01x4qaqr4-prybar-elisp-0.0.0-e0d9a52/bin:/nix/store/lwwivxf6h7x3cvxp9zv8sj0mv7dak99r-prybar-lua-0.0.0-e0d9a52/bin:/nix/store/gxj28g1cg4hq3qanmjv07156h800qr58-prybar-python3-0.0.0-e0d9a52/bin:/nix/store/hshkjnxrgidigf8x75vg6lqng2xlx9i3-prybar-sqlite-0.0.0-e0d9a52/bin:/nix/store/c4w01bpjgyy5ixmwdk8m1pw87zq4sl26-prybar-tcl-0.0.0-e0d9a52/bin:/nix/store/hpbvrlwd5viqmvcaisb3x0118i913a9n-st
LD_LIBRARY_PATH=/nix/store/a4pff549sk2idnkpzk5nsfps3mdkdnvm-cups-2.4.2-lib/lib:/nix/store/72mqxxhh3cy5yifh92wh2yb8cl2hikyy-cairo-1.16.0/lib:/nix/store/2k366jrbsra97gjfxwvrhvixjfxdach5-glib-2.74.1/lib:/nix/store/2j2znigd8ak37rlwh9khz0ry3clqlw1l-gtk+3-3.24.34/lib:/nix/store/hisqvx32cd57apbpcsnkpx6k3549wql1-libglvnd-1.4.0/lib:/nix/store/p36pgcv991mq5srvg765b78yqpxvk3qs-mesa-21.3.3-drivers/lib:/nix/store/mav4251if1ahjq5vkpwycyyvnmy459c4-pulseaudio-14.2/lib
DISPLAY=:0
LANG=en_US.UTF-8

Signal Handlers:
   SIGSEGV: crash_handler in libjvm.so, mask=11100100010111111101111111111110, flags=SA_RESTART|SA_SIGINFO
    SIGBUS: crash_handler in libjvm.so, mask=11100100010111111101111111111110, flags=SA_RESTART|SA_SIGINFO
    SIGFPE: crash_handler in libjvm.so, mask=11100100010111111101111111111110, flags=SA_RESTART|SA_SIGINFO
   SIGPIPE: IsolateEnterStub_IgnoreSIGPIPEStartupHook_noopSignalHandler_8f19bff2f35b5f630d83b364d6b2339320d4ec70_216e8361c6bc87a8f89f58cc10d3b2fd4415bf87 in libjvmcicompiler.so, mask=00000000000000000000000000000000, flags=SA_RESTART
  *** Handler was modified!
  *** Expected: javaSignalHandler in libjvm.so, mask=11100100110111111111111111111110, flags=SA_RESTART|SA_SIGINFO
   SIGXFSZ: javaSignalHandler in libjvm.so, mask=11100100010111111101111111111110, flags=SA_RESTART|SA_SIGINFO
    SIGILL: crash_handler in libjvm.so, mask=11100100010111111101111111111110, flags=SA_RESTART|SA_SIGINFO
   SIGUSR2: SR_handler in libjvm.so, mask=00000000000000000000000000000000, flags=SA_RESTART|SA_SIGINFO
    SIGHUP: UserHandler in libjvm.so, mask=11100100010111111101111111111110, flags=SA_RESTART|SA_SIGINFO
    SIGINT: UserHandler in libjvm.so, mask=11100100010111111101111111111110, flags=SA_RESTART|SA_SIGINFO
   SIGTERM: UserHandler in libjvm.so, mask=11100100010111111101111111111110, flags=SA_RESTART|SA_SIGINFO
   SIGQUIT: UserHandler in libjvm.so, mask=11100100010111111101111111111110, flags=SA_RESTART|SA_SIGINFO
  *** Handler was modified!
  *** Expected: javaSignalHandler in libjvm.so, mask=11100100110111111111111111111110, flags=SA_RESTART|SA_SIGINFO
   SIGTRAP: crash_handler in libjvm.so, mask=11100100010111111101111111111110, flags=SA_RESTART|SA_SIGINFO


---------------  S Y S T E M  ---------------

OS:
DISTRIB_ID=Ubuntu
DISTRIB_RELEASE=20.04
DISTRIB_CODENAME=focal
DISTRIB_DESCRIPTION="Ubuntu 20.04.2 LTS"
uname: Linux 6.2.0-1013-gcp #13~22.04.1-Ubuntu SMP Wed Aug 30 20:41:15 UTC 2023 x86_64
OS uptime: 0 days 8:39 hours
libc: glibc 2.35 NPTL 2.35 
rlimit (soft/hard): STACK 8192k/infinity , CORE infinity/infinity , NPROC infinity/infinity , NOFILE 5242/5242 , AS infinity/infinity , CPU infinity/infinity , DATA infinity/infinity , FSIZE infinity/infinity , MEMLOCK 8192k/8192k
load average: 15.48 28.03 27.21

/proc/meminfo:
MemTotal:       65835940 kB
MemFree:        35823196 kB
MemAvailable:   44640000 kB
Buffers:         1185960 kB
Cached:          7091888 kB
SwapCached:            0 kB
Active:          4596360 kB
Inactive:       22409280 kB
Active(anon):      30360 kB
Inactive(anon): 18530296 kB
Active(file):    4566000 kB
Inactive(file):  3878984 kB
Unevictable:       28612 kB
Mlocked:           28612 kB
SwapTotal:             0 kB
SwapFree:              0 kB
Zswap:                 0 kB
Zswapped:              0 kB
Dirty:              3132 kB
Writeback:             0 kB
AnonPages:      17734544 kB
Mapped:          1254460 kB
Shmem:             36408 kB
KReclaimable:    1475520 kB
Slab:            2218736 kB
SReclaimable:    1475520 kB
SUnreclaim:       743216 kB
KernelStack:      154240 kB
PageTables:       285044 kB
SecPageTables:         0 kB
NFS_Unstable:          0 kB
Bounce:                0 kB
WritebackTmp:          0 kB
CommitLimit:    32917968 kB
Committed_AS:   59538348 kB
VmallocTotal:   34359738367 kB
VmallocUsed:      181832 kB
VmallocChunk:          0 kB
Percpu:            27744 kB
HardwareCorrupted:     0 kB
AnonHugePages:   2357248 kB
ShmemHugePages:        0 kB
ShmemPmdMapped:        0 kB
FileHugePages:         0 kB
FilePmdMapped:         0 kB
HugePages_Total:       0
HugePages_Free:        0
HugePages_Rsvd:        0
HugePages_Surp:        0
Hugepagesize:       2048 kB
Hugetlb:               0 kB
DirectMap4k:      308024 kB
DirectMap2M:    26951680 kB
DirectMap1G:    41943040 kB

/sys/kernel/mm/transparent_hugepage/enabled: always [madvise] never
/sys/kernel/mm/transparent_hugepage/defrag (defrag/compaction efforts parameter): always defer defer+madvise [madvise] never

Process Memory:
Virtual Size: 4656216K (peak: 4740924K)
Resident Set Size: 714264K (peak: 783940K) (anon: 562332K, file: 151932K, shmem: 0K)
Swapped out: 0K
C-Heap outstanding allocations: 43817K, retained: 12002K
glibc malloc tunables: (default)

/proc/sys/kernel/threads-max (system-wide limit on the number of threads): 514277
/proc/sys/vm/max_map_count (maximum number of memory map areas a process may have): 65530
/proc/sys/kernel/pid_max (system-wide limit on number of process identifiers): 4194304

container (cgroup) information:
container_type: cgroupv2
cpu_cpuset_cpus: not supported
cpu_memory_nodes: not supported
active_processor_count: 1
cpu_quota: 50000
cpu_period: 100000
cpu_shares: no shares
memory_limit_in_bytes: 1048576 k
memory_and_swap_limit_in_bytes: unlimited
memory_soft_limit_in_bytes: 524288 k
memory_usage_in_bytes: 702828 k
memory_max_usage_in_bytes: not supported
maximum number of tasks: not supported
current number of tasks: not supported

KVM virtualization detected
Steal ticks since vm start: 3966
Steal ticks percentage since vm start:  0.003

CPU: total 8 (initial active 1) (4 cores per cpu, 2 threads per core) family 6 model 79 stepping 0 microcode 0xffffffff, cx8, cmov, fxsr, ht, mmx, 3dnowpref, sse, sse2, sse3, ssse3, sse4.1, sse4.2, popcnt, lzcnt, tsc, tscinvbit, avx, avx2, aes, erms, clmul, bmi1, bmi2, rtm, adx, fma, vzeroupper, clflush, hv
CPU Model and flags from /proc/cpuinfo:
model name	: Intel(R) Xeon(R) CPU @ 2.20GHz
flags		: fpu vme de pse tsc msr pae mce cx8 apic sep mtrr pge mca cmov pat pse36 clflush mmx fxsr sse sse2 ss ht syscall nx pdpe1gb rdtscp lm constant_tsc rep_good nopl xtopology nonstop_tsc cpuid tsc_known_freq pni pclmulqdq ssse3 fma cx16 pcid sse4_1 sse4_2 x2apic movbe popcnt aes xsave avx f16c rdrand hypervisor lahf_lm abm 3dnowprefetch invpcid_single pti ssbd ibrs ibpb stibp fsgsbase tsc_adjust bmi1 hle avx2 smep bmi2 erms invpcid rtm rdseed adx smap xsaveopt arat md_clear arch_capabilities

Online cpus: 0-7
Offline cpus: 
BIOS frequency limitation: <Not Available>
Frequency switch latency (ns): <Not Available>
Available cpu frequencies: <Not Available>
Current governor: <Not Available>
Core performance/turbo boost: <Not Available>

Memory: 4k page, physical 1048576k(345740k free), swap 0k(0k free)
Page Sizes: 4k

vm_info: OpenJDK 64-Bit Server VM (17.0.5+8-jvmci-22.3-b08) for linux-amd64 JRE (17.0.5+8-jvmci-22.3-b08), built on Oct 19 2022 09:01:27 by "buildslave" with gcc 10.3.0

END.
